{"/root/LexHub/core/src/manager/adb.ts": {"path":"/root/LexHub/core/src/manager/adb.ts","statementMap":{"0":{"start":{"line":9,"column":21},"end":{"line":9,"column":null}},"1":{"start":{"line":10,"column":23},"end":{"line":10,"column":null}},"2":{"start":{"line":11,"column":12},"end":{"line":11,"column":null}},"3":{"start":{"line":27,"column":4},"end":{"line":32,"column":null}},"4":{"start":{"line":28,"column":6},"end":{"line":28,"column":null}},"5":{"start":{"line":29,"column":6},"end":{"line":29,"column":null}},"6":{"start":{"line":31,"column":6},"end":{"line":31,"column":null}},"7":{"start":{"line":39,"column":4},"end":{"line":39,"column":null}},"8":{"start":{"line":39,"column":34},"end":{"line":39,"column":null}},"9":{"start":{"line":41,"column":21},"end":{"line":41,"column":null}},"10":{"start":{"line":42,"column":4},"end":{"line":68,"column":null}},"11":{"start":{"line":43,"column":6},"end":{"line":43,"column":null}},"12":{"start":{"line":45,"column":21},"end":{"line":45,"column":null}},"13":{"start":{"line":46,"column":6},"end":{"line":58,"column":null}},"14":{"start":{"line":47,"column":8},"end":{"line":55,"column":null}},"15":{"start":{"line":48,"column":10},"end":{"line":48,"column":null}},"16":{"start":{"line":50,"column":10},"end":{"line":54,"column":null}},"17":{"start":{"line":51,"column":12},"end":{"line":51,"column":null}},"18":{"start":{"line":53,"column":12},"end":{"line":53,"column":null}},"19":{"start":{"line":57,"column":8},"end":{"line":57,"column":null}},"20":{"start":{"line":59,"column":11},"end":{"line":68,"column":null}},"21":{"start":{"line":60,"column":6},"end":{"line":60,"column":null}},"22":{"start":{"line":61,"column":6},"end":{"line":65,"column":null}},"23":{"start":{"line":62,"column":8},"end":{"line":62,"column":null}},"24":{"start":{"line":64,"column":8},"end":{"line":64,"column":null}},"25":{"start":{"line":67,"column":6},"end":{"line":67,"column":null}},"26":{"start":{"line":75,"column":4},"end":{"line":75,"column":null}},"27":{"start":{"line":75,"column":35},"end":{"line":75,"column":null}},"28":{"start":{"line":76,"column":4},"end":{"line":83,"column":null}},"29":{"start":{"line":77,"column":12},"end":{"line":77,"column":null}},"30":{"start":{"line":79,"column":20},"end":{"line":79,"column":null}},"31":{"start":{"line":80,"column":6},"end":{"line":80,"column":null}},"32":{"start":{"line":80,"column":32},"end":{"line":80,"column":57}},"33":{"start":{"line":82,"column":6},"end":{"line":82,"column":null}},"34":{"start":{"line":90,"column":4},"end":{"line":90,"column":null}},"35":{"start":{"line":90,"column":35},"end":{"line":90,"column":null}},"36":{"start":{"line":91,"column":4},"end":{"line":102,"column":null}},"37":{"start":{"line":92,"column":12},"end":{"line":92,"column":null}},"38":{"start":{"line":93,"column":6},"end":{"line":99,"column":null}},"39":{"start":{"line":97,"column":21},"end":{"line":97,"column":32}},"40":{"start":{"line":98,"column":24},"end":{"line":98,"column":49}},"41":{"start":{"line":99,"column":21},"end":{"line":99,"column":40}},"42":{"start":{"line":101,"column":6},"end":{"line":101,"column":null}},"43":{"start":{"line":109,"column":4},"end":{"line":109,"column":null}},"44":{"start":{"line":109,"column":35},"end":{"line":109,"column":null}},"45":{"start":{"line":110,"column":4},"end":{"line":116,"column":null}},"46":{"start":{"line":112,"column":12},"end":{"line":112,"column":null}},"47":{"start":{"line":113,"column":6},"end":{"line":113,"column":null}},"48":{"start":{"line":115,"column":6},"end":{"line":115,"column":null}},"49":{"start":{"line":123,"column":4},"end":{"line":123,"column":null}},"50":{"start":{"line":123,"column":35},"end":{"line":123,"column":null}},"51":{"start":{"line":124,"column":4},"end":{"line":132,"column":null}},"52":{"start":{"line":125,"column":12},"end":{"line":125,"column":null}},"53":{"start":{"line":126,"column":6},"end":{"line":128,"column":null}},"54":{"start":{"line":127,"column":8},"end":{"line":127,"column":null}},"55":{"start":{"line":129,"column":6},"end":{"line":129,"column":null}},"56":{"start":{"line":131,"column":6},"end":{"line":131,"column":null}},"57":{"start":{"line":139,"column":4},"end":{"line":144,"column":null}},"58":{"start":{"line":140,"column":6},"end":{"line":140,"column":null}},"59":{"start":{"line":142,"column":6},"end":{"line":142,"column":null}},"60":{"start":{"line":143,"column":6},"end":{"line":143,"column":null}},"61":{"start":{"line":151,"column":16},"end":{"line":151,"column":null}},"62":{"start":{"line":152,"column":16},"end":{"line":152,"column":null}},"63":{"start":{"line":153,"column":4},"end":{"line":153,"column":null}},"64":{"start":{"line":160,"column":4},"end":{"line":160,"column":null}},"65":{"start":{"line":167,"column":4},"end":{"line":167,"column":null}},"66":{"start":{"line":167,"column":36},"end":{"line":167,"column":null}},"67":{"start":{"line":169,"column":4},"end":{"line":169,"column":null}},"68":{"start":{"line":170,"column":19},"end":{"line":170,"column":null}},"69":{"start":{"line":173,"column":4},"end":{"line":178,"column":null}},"70":{"start":{"line":174,"column":6},"end":{"line":174,"column":null}},"71":{"start":{"line":175,"column":6},"end":{"line":175,"column":null}},"72":{"start":{"line":176,"column":6},"end":{"line":176,"column":null}},"73":{"start":{"line":177,"column":6},"end":{"line":177,"column":null}},"74":{"start":{"line":181,"column":4},"end":{"line":181,"column":null}},"75":{"start":{"line":182,"column":4},"end":{"line":182,"column":null}},"76":{"start":{"line":183,"column":4},"end":{"line":183,"column":null}},"77":{"start":{"line":184,"column":4},"end":{"line":184,"column":null}},"78":{"start":{"line":185,"column":4},"end":{"line":185,"column":null}},"79":{"start":{"line":186,"column":4},"end":{"line":186,"column":null}},"80":{"start":{"line":189,"column":4},"end":{"line":195,"column":null}},"81":{"start":{"line":190,"column":6},"end":{"line":194,"column":null}},"82":{"start":{"line":191,"column":8},"end":{"line":191,"column":null}},"83":{"start":{"line":197,"column":4},"end":{"line":197,"column":null}},"84":{"start":{"line":198,"column":4},"end":{"line":198,"column":null}},"85":{"start":{"line":205,"column":4},"end":{"line":205,"column":null}},"86":{"start":{"line":205,"column":36},"end":{"line":205,"column":null}},"87":{"start":{"line":207,"column":25},"end":{"line":207,"column":null}},"88":{"start":{"line":208,"column":19},"end":{"line":208,"column":null}},"89":{"start":{"line":209,"column":18},"end":{"line":209,"column":null}},"90":{"start":{"line":211,"column":4},"end":{"line":211,"column":null}},"91":{"start":{"line":213,"column":4},"end":{"line":252,"column":null}},"92":{"start":{"line":214,"column":6},"end":{"line":214,"column":null}},"93":{"start":{"line":215,"column":6},"end":{"line":215,"column":null}},"94":{"start":{"line":216,"column":6},"end":{"line":216,"column":null}},"95":{"start":{"line":217,"column":6},"end":{"line":217,"column":null}},"96":{"start":{"line":219,"column":9},"end":{"line":252,"column":null}},"97":{"start":{"line":220,"column":6},"end":{"line":220,"column":null}},"98":{"start":{"line":221,"column":6},"end":{"line":221,"column":null}},"99":{"start":{"line":222,"column":6},"end":{"line":225,"column":null}},"100":{"start":{"line":224,"column":8},"end":{"line":224,"column":null}},"101":{"start":{"line":226,"column":6},"end":{"line":226,"column":null}},"102":{"start":{"line":228,"column":9},"end":{"line":252,"column":null}},"103":{"start":{"line":229,"column":6},"end":{"line":236,"column":null}},"104":{"start":{"line":231,"column":8},"end":{"line":231,"column":null}},"105":{"start":{"line":232,"column":8},"end":{"line":232,"column":null}},"106":{"start":{"line":234,"column":8},"end":{"line":234,"column":null}},"107":{"start":{"line":235,"column":8},"end":{"line":235,"column":null}},"108":{"start":{"line":237,"column":6},"end":{"line":239,"column":null}},"109":{"start":{"line":238,"column":8},"end":{"line":238,"column":null}},"110":{"start":{"line":240,"column":6},"end":{"line":240,"column":null}},"111":{"start":{"line":242,"column":9},"end":{"line":252,"column":null}},"112":{"start":{"line":243,"column":6},"end":{"line":243,"column":null}},"113":{"start":{"line":244,"column":6},"end":{"line":244,"column":null}},"114":{"start":{"line":245,"column":6},"end":{"line":247,"column":null}},"115":{"start":{"line":246,"column":8},"end":{"line":246,"column":null}},"116":{"start":{"line":248,"column":6},"end":{"line":248,"column":null}},"117":{"start":{"line":251,"column":6},"end":{"line":251,"column":null}},"118":{"start":{"line":254,"column":4},"end":{"line":254,"column":null}},"119":{"start":{"line":255,"column":4},"end":{"line":255,"column":null}},"120":{"start":{"line":256,"column":4},"end":{"line":256,"column":null}},"121":{"start":{"line":263,"column":4},"end":{"line":263,"column":null}},"122":{"start":{"line":263,"column":37},"end":{"line":263,"column":null}},"123":{"start":{"line":264,"column":4},"end":{"line":264,"column":null}},"124":{"start":{"line":266,"column":22},"end":{"line":266,"column":null}},"125":{"start":{"line":267,"column":4},"end":{"line":267,"column":null}},"126":{"start":{"line":274,"column":21},"end":{"line":274,"column":null}},"127":{"start":{"line":275,"column":4},"end":{"line":282,"column":null}},"128":{"start":{"line":276,"column":6},"end":{"line":281,"column":null}},"129":{"start":{"line":277,"column":14},"end":{"line":277,"column":null}},"130":{"start":{"line":278,"column":8},"end":{"line":278,"column":null}},"131":{"start":{"line":280,"column":8},"end":{"line":280,"column":null}},"132":{"start":{"line":285,"column":4},"end":{"line":290,"column":null}},"133":{"start":{"line":286,"column":12},"end":{"line":286,"column":null}},"134":{"start":{"line":287,"column":6},"end":{"line":287,"column":null}},"135":{"start":{"line":289,"column":6},"end":{"line":289,"column":null}},"136":{"start":{"line":297,"column":21},"end":{"line":297,"column":null}},"137":{"start":{"line":299,"column":4},"end":{"line":319,"column":null}},"138":{"start":{"line":300,"column":6},"end":{"line":300,"column":null}},"139":{"start":{"line":301,"column":6},"end":{"line":313,"column":null}},"140":{"start":{"line":302,"column":8},"end":{"line":308,"column":null}},"141":{"start":{"line":303,"column":10},"end":{"line":303,"column":null}},"142":{"start":{"line":304,"column":26},"end":{"line":304,"column":null}},"143":{"start":{"line":305,"column":10},"end":{"line":307,"column":null}},"144":{"start":{"line":306,"column":12},"end":{"line":306,"column":null}},"145":{"start":{"line":310,"column":8},"end":{"line":312,"column":null}},"146":{"start":{"line":311,"column":10},"end":{"line":311,"column":null}},"147":{"start":{"line":314,"column":6},"end":{"line":316,"column":null}},"148":{"start":{"line":315,"column":8},"end":{"line":315,"column":null}},"149":{"start":{"line":317,"column":6},"end":{"line":317,"column":null}},"150":{"start":{"line":318,"column":6},"end":{"line":318,"column":null}},"151":{"start":{"line":322,"column":4},"end":{"line":322,"column":null}},"152":{"start":{"line":323,"column":4},"end":{"line":323,"column":null}},"153":{"start":{"line":326,"column":4},"end":{"line":337,"column":null}},"154":{"start":{"line":327,"column":6},"end":{"line":327,"column":null}},"155":{"start":{"line":329,"column":6},"end":{"line":329,"column":null}},"156":{"start":{"line":330,"column":6},"end":{"line":336,"column":null}},"157":{"start":{"line":331,"column":8},"end":{"line":331,"column":null}},"158":{"start":{"line":332,"column":13},"end":{"line":336,"column":null}},"159":{"start":{"line":333,"column":8},"end":{"line":333,"column":null}},"160":{"start":{"line":335,"column":8},"end":{"line":335,"column":null}},"161":{"start":{"line":339,"column":4},"end":{"line":367,"column":null}},"162":{"start":{"line":340,"column":21},"end":{"line":340,"column":null}},"163":{"start":{"line":341,"column":21},"end":{"line":341,"column":null}},"164":{"start":{"line":342,"column":6},"end":{"line":342,"column":null}},"165":{"start":{"line":344,"column":24},"end":{"line":344,"column":null}},"166":{"start":{"line":345,"column":25},"end":{"line":345,"column":null}},"167":{"start":{"line":346,"column":6},"end":{"line":346,"column":null}},"168":{"start":{"line":348,"column":6},"end":{"line":359,"column":null}},"169":{"start":{"line":349,"column":8},"end":{"line":349,"column":null}},"170":{"start":{"line":350,"column":8},"end":{"line":350,"column":null}},"171":{"start":{"line":353,"column":14},"end":{"line":356,"column":null}},"172":{"start":{"line":357,"column":8},"end":{"line":357,"column":null}},"173":{"start":{"line":358,"column":8},"end":{"line":358,"column":null}},"174":{"start":{"line":361,"column":12},"end":{"line":364,"column":null}},"175":{"start":{"line":365,"column":6},"end":{"line":365,"column":null}},"176":{"start":{"line":366,"column":6},"end":{"line":366,"column":null}},"177":{"start":{"line":374,"column":4},"end":{"line":374,"column":null}},"178":{"start":{"line":374,"column":36},"end":{"line":374,"column":null}},"179":{"start":{"line":376,"column":4},"end":{"line":376,"column":null}},"180":{"start":{"line":379,"column":4},"end":{"line":379,"column":null}},"181":{"start":{"line":380,"column":4},"end":{"line":380,"column":null}},"182":{"start":{"line":381,"column":4},"end":{"line":381,"column":null}},"183":{"start":{"line":384,"column":4},"end":{"line":384,"column":null}},"184":{"start":{"line":385,"column":4},"end":{"line":385,"column":null}},"185":{"start":{"line":386,"column":4},"end":{"line":386,"column":null}},"186":{"start":{"line":387,"column":4},"end":{"line":387,"column":null}},"187":{"start":{"line":388,"column":4},"end":{"line":388,"column":null}},"188":{"start":{"line":391,"column":4},"end":{"line":391,"column":null}},"189":{"start":{"line":392,"column":4},"end":{"line":392,"column":null}},"190":{"start":{"line":393,"column":4},"end":{"line":393,"column":null}},"191":{"start":{"line":394,"column":4},"end":{"line":394,"column":null}},"192":{"start":{"line":395,"column":4},"end":{"line":395,"column":null}},"193":{"start":{"line":396,"column":4},"end":{"line":396,"column":null}},"194":{"start":{"line":397,"column":4},"end":{"line":397,"column":null}},"195":{"start":{"line":400,"column":4},"end":{"line":402,"column":null}},"196":{"start":{"line":401,"column":6},"end":{"line":401,"column":null}},"197":{"start":{"line":405,"column":4},"end":{"line":405,"column":null}},"198":{"start":{"line":407,"column":4},"end":{"line":409,"column":null}},"199":{"start":{"line":408,"column":6},"end":{"line":408,"column":null}},"200":{"start":{"line":411,"column":4},"end":{"line":411,"column":null}},"201":{"start":{"line":418,"column":4},"end":{"line":425,"column":null}}},"fnMap":{"0":{"name":"checkAdbInstalled","decl":{"start":{"line":26,"column":9},"end":{"line":26,"column":38}},"loc":{"start":{"line":26,"column":38},"end":{"line":33,"column":null}},"line":26},"1":{"name":"installAdb","decl":{"start":{"line":38,"column":15},"end":{"line":38,"column":43}},"loc":{"start":{"line":38,"column":43},"end":{"line":69,"column":null}},"line":38},"2":{"name":"checkAdbConnection","decl":{"start":{"line":74,"column":9},"end":{"line":74,"column":39}},"loc":{"start":{"line":74,"column":39},"end":{"line":84,"column":null}},"line":74},"3":{"name":"(anonymous_3)","decl":{"start":{"line":80,"column":19},"end":{"line":80,"column":24}},"loc":{"start":{"line":80,"column":32},"end":{"line":80,"column":57}},"line":80},"4":{"name":"getConnectedDevices","decl":{"start":{"line":89,"column":9},"end":{"line":89,"column":41}},"loc":{"start":{"line":89,"column":41},"end":{"line":103,"column":null}},"line":89},"5":{"name":"(anonymous_5)","decl":{"start":{"line":97,"column":9},"end":{"line":97,"column":13}},"loc":{"start":{"line":97,"column":21},"end":{"line":97,"column":32}},"line":97},"6":{"name":"(anonymous_6)","decl":{"start":{"line":98,"column":9},"end":{"line":98,"column":16}},"loc":{"start":{"line":98,"column":24},"end":{"line":98,"column":49}},"line":98},"7":{"name":"(anonymous_7)","decl":{"start":{"line":99,"column":9},"end":{"line":99,"column":13}},"loc":{"start":{"line":99,"column":21},"end":{"line":99,"column":40}},"line":99},"8":{"name":"pairDevice","decl":{"start":{"line":108,"column":9},"end":{"line":108,"column":20}},"loc":{"start":{"line":108,"column":54},"end":{"line":117,"column":null}},"line":108},"9":{"name":"connectDevice","decl":{"start":{"line":122,"column":9},"end":{"line":122,"column":23}},"loc":{"start":{"line":122,"column":43},"end":{"line":133,"column":null}},"line":122},"10":{"name":"runAdbShell","decl":{"start":{"line":138,"column":17},"end":{"line":138,"column":29}},"loc":{"start":{"line":138,"column":50},"end":{"line":145,"column":null}},"line":138},"11":{"name":"getSdkVersion","decl":{"start":{"line":150,"column":17},"end":{"line":150,"column":41}},"loc":{"start":{"line":150,"column":41},"end":{"line":154,"column":null}},"line":150},"12":{"name":"getManufacturer","decl":{"start":{"line":159,"column":9},"end":{"line":159,"column":35}},"loc":{"start":{"line":159,"column":35},"end":{"line":161,"column":null}},"line":159},"13":{"name":"applyUniversalFixes","decl":{"start":{"line":166,"column":9},"end":{"line":166,"column":37}},"loc":{"start":{"line":166,"column":37},"end":{"line":199,"column":null}},"line":166},"14":{"name":"applyVendorFixes","decl":{"start":{"line":204,"column":9},"end":{"line":204,"column":36}},"loc":{"start":{"line":204,"column":36},"end":{"line":257,"column":null}},"line":204},"15":{"name":"ensureSilenceFile","decl":{"start":{"line":262,"column":17},"end":{"line":262,"column":43}},"loc":{"start":{"line":262,"column":43},"end":{"line":268,"column":null}},"line":262},"16":{"name":"isHeartbeatRunning","decl":{"start":{"line":273,"column":9},"end":{"line":273,"column":39}},"loc":{"start":{"line":273,"column":39},"end":{"line":291,"column":null}},"line":273},"17":{"name":"toggleAudioHeartbeat","decl":{"start":{"line":296,"column":9},"end":{"line":296,"column":30}},"loc":{"start":{"line":296,"column":53},"end":{"line":368,"column":null}},"line":296},"18":{"name":"revertOptimizations","decl":{"start":{"line":373,"column":9},"end":{"line":373,"column":37}},"loc":{"start":{"line":373,"column":37},"end":{"line":412,"column":null}},"line":373},"19":{"name":"getStatus","decl":{"start":{"line":417,"column":9},"end":{"line":417,"column":32}},"loc":{"start":{"line":417,"column":32},"end":{"line":426,"column":null}},"line":417}},"branchMap":{"0":{"loc":{"start":{"line":39,"column":4},"end":{"line":39,"column":null}},"type":"if","locations":[{"start":{"line":39,"column":4},"end":{"line":39,"column":null}},{"start":{},"end":{}}],"line":39},"1":{"loc":{"start":{"line":42,"column":4},"end":{"line":68,"column":null}},"type":"if","locations":[{"start":{"line":42,"column":4},"end":{"line":68,"column":null}},{"start":{"line":59,"column":11},"end":{"line":68,"column":null}}],"line":42},"2":{"loc":{"start":{"line":45,"column":21},"end":{"line":45,"column":null}},"type":"binary-expr","locations":[{"start":{"line":45,"column":21},"end":{"line":45,"column":58}},{"start":{"line":45,"column":58},"end":{"line":45,"column":null}}],"line":45},"3":{"loc":{"start":{"line":47,"column":8},"end":{"line":55,"column":null}},"type":"if","locations":[{"start":{"line":47,"column":8},"end":{"line":55,"column":null}},{"start":{"line":49,"column":15},"end":{"line":55,"column":null}}],"line":47},"4":{"loc":{"start":{"line":59,"column":11},"end":{"line":68,"column":null}},"type":"if","locations":[{"start":{"line":59,"column":11},"end":{"line":68,"column":null}},{"start":{"line":66,"column":11},"end":{"line":68,"column":null}}],"line":59},"5":{"loc":{"start":{"line":75,"column":4},"end":{"line":75,"column":null}},"type":"if","locations":[{"start":{"line":75,"column":4},"end":{"line":75,"column":null}},{"start":{},"end":{}}],"line":75},"6":{"loc":{"start":{"line":90,"column":4},"end":{"line":90,"column":null}},"type":"if","locations":[{"start":{"line":90,"column":4},"end":{"line":90,"column":null}},{"start":{},"end":{}}],"line":90},"7":{"loc":{"start":{"line":109,"column":4},"end":{"line":109,"column":null}},"type":"if","locations":[{"start":{"line":109,"column":4},"end":{"line":109,"column":null}},{"start":{},"end":{}}],"line":109},"8":{"loc":{"start":{"line":123,"column":4},"end":{"line":123,"column":null}},"type":"if","locations":[{"start":{"line":123,"column":4},"end":{"line":123,"column":null}},{"start":{},"end":{}}],"line":123},"9":{"loc":{"start":{"line":126,"column":6},"end":{"line":128,"column":null}},"type":"if","locations":[{"start":{"line":126,"column":6},"end":{"line":128,"column":null}},{"start":{},"end":{}}],"line":126},"10":{"loc":{"start":{"line":126,"column":10},"end":{"line":126,"column":60}},"type":"binary-expr","locations":[{"start":{"line":126,"column":10},"end":{"line":126,"column":36}},{"start":{"line":126,"column":36},"end":{"line":126,"column":60}}],"line":126},"11":{"loc":{"start":{"line":153,"column":11},"end":{"line":153,"column":null}},"type":"cond-expr","locations":[{"start":{"line":153,"column":24},"end":{"line":153,"column":28}},{"start":{"line":153,"column":28},"end":{"line":153,"column":null}}],"line":153},"12":{"loc":{"start":{"line":167,"column":4},"end":{"line":167,"column":null}},"type":"if","locations":[{"start":{"line":167,"column":4},"end":{"line":167,"column":null}},{"start":{},"end":{}}],"line":167},"13":{"loc":{"start":{"line":173,"column":4},"end":{"line":178,"column":null}},"type":"if","locations":[{"start":{"line":173,"column":4},"end":{"line":178,"column":null}},{"start":{},"end":{}}],"line":173},"14":{"loc":{"start":{"line":189,"column":4},"end":{"line":195,"column":null}},"type":"if","locations":[{"start":{"line":189,"column":4},"end":{"line":195,"column":null}},{"start":{},"end":{}}],"line":189},"15":{"loc":{"start":{"line":205,"column":4},"end":{"line":205,"column":null}},"type":"if","locations":[{"start":{"line":205,"column":4},"end":{"line":205,"column":null}},{"start":{},"end":{}}],"line":205},"16":{"loc":{"start":{"line":213,"column":4},"end":{"line":252,"column":null}},"type":"if","locations":[{"start":{"line":213,"column":4},"end":{"line":252,"column":null}},{"start":{"line":219,"column":9},"end":{"line":252,"column":null}}],"line":213},"17":{"loc":{"start":{"line":213,"column":8},"end":{"line":213,"column":75}},"type":"binary-expr","locations":[{"start":{"line":213,"column":8},"end":{"line":213,"column":43}},{"start":{"line":213,"column":43},"end":{"line":213,"column":75}}],"line":213},"18":{"loc":{"start":{"line":219,"column":9},"end":{"line":252,"column":null}},"type":"if","locations":[{"start":{"line":219,"column":9},"end":{"line":252,"column":null}},{"start":{"line":228,"column":9},"end":{"line":252,"column":null}}],"line":219},"19":{"loc":{"start":{"line":219,"column":13},"end":{"line":219,"column":80}},"type":"binary-expr","locations":[{"start":{"line":219,"column":13},"end":{"line":219,"column":48}},{"start":{"line":219,"column":48},"end":{"line":219,"column":80}}],"line":219},"20":{"loc":{"start":{"line":228,"column":9},"end":{"line":252,"column":null}},"type":"if","locations":[{"start":{"line":228,"column":9},"end":{"line":252,"column":null}},{"start":{"line":242,"column":9},"end":{"line":252,"column":null}}],"line":228},"21":{"loc":{"start":{"line":228,"column":13},"end":{"line":228,"column":115}},"type":"binary-expr","locations":[{"start":{"line":228,"column":13},"end":{"line":228,"column":46}},{"start":{"line":228,"column":46},"end":{"line":228,"column":81}},{"start":{"line":228,"column":81},"end":{"line":228,"column":115}}],"line":228},"22":{"loc":{"start":{"line":229,"column":6},"end":{"line":236,"column":null}},"type":"if","locations":[{"start":{"line":229,"column":6},"end":{"line":236,"column":null}},{"start":{"line":233,"column":13},"end":{"line":236,"column":null}}],"line":229},"23":{"loc":{"start":{"line":242,"column":9},"end":{"line":252,"column":null}},"type":"if","locations":[{"start":{"line":242,"column":9},"end":{"line":252,"column":null}},{"start":{"line":250,"column":9},"end":{"line":252,"column":null}}],"line":242},"24":{"loc":{"start":{"line":242,"column":13},"end":{"line":242,"column":77}},"type":"binary-expr","locations":[{"start":{"line":242,"column":13},"end":{"line":242,"column":46}},{"start":{"line":242,"column":46},"end":{"line":242,"column":77}}],"line":242},"25":{"loc":{"start":{"line":263,"column":4},"end":{"line":263,"column":null}},"type":"if","locations":[{"start":{"line":263,"column":4},"end":{"line":263,"column":null}},{"start":{},"end":{}}],"line":263},"26":{"loc":{"start":{"line":275,"column":4},"end":{"line":282,"column":null}},"type":"if","locations":[{"start":{"line":275,"column":4},"end":{"line":282,"column":null}},{"start":{},"end":{}}],"line":275},"27":{"loc":{"start":{"line":287,"column":13},"end":{"line":287,"column":null}},"type":"binary-expr","locations":[{"start":{"line":287,"column":13},"end":{"line":287,"column":47}},{"start":{"line":287,"column":47},"end":{"line":287,"column":null}}],"line":287},"28":{"loc":{"start":{"line":299,"column":4},"end":{"line":319,"column":null}},"type":"if","locations":[{"start":{"line":299,"column":4},"end":{"line":319,"column":null}},{"start":{},"end":{}}],"line":299},"29":{"loc":{"start":{"line":301,"column":6},"end":{"line":313,"column":null}},"type":"if","locations":[{"start":{"line":301,"column":6},"end":{"line":313,"column":null}},{"start":{"line":309,"column":13},"end":{"line":313,"column":null}}],"line":301},"30":{"loc":{"start":{"line":305,"column":10},"end":{"line":307,"column":null}},"type":"if","locations":[{"start":{"line":305,"column":10},"end":{"line":307,"column":null}},{"start":{},"end":{}}],"line":305},"31":{"loc":{"start":{"line":330,"column":6},"end":{"line":336,"column":null}},"type":"if","locations":[{"start":{"line":330,"column":6},"end":{"line":336,"column":null}},{"start":{"line":332,"column":13},"end":{"line":336,"column":null}}],"line":330},"32":{"loc":{"start":{"line":332,"column":13},"end":{"line":336,"column":null}},"type":"if","locations":[{"start":{"line":332,"column":13},"end":{"line":336,"column":null}},{"start":{"line":334,"column":13},"end":{"line":336,"column":null}}],"line":332},"33":{"loc":{"start":{"line":339,"column":4},"end":{"line":367,"column":null}},"type":"if","locations":[{"start":{"line":339,"column":4},"end":{"line":367,"column":null}},{"start":{"line":360,"column":11},"end":{"line":367,"column":null}}],"line":339},"34":{"loc":{"start":{"line":340,"column":21},"end":{"line":340,"column":null}},"type":"binary-expr","locations":[{"start":{"line":340,"column":21},"end":{"line":340,"column":43}},{"start":{"line":340,"column":43},"end":{"line":340,"column":null}}],"line":340},"35":{"loc":{"start":{"line":374,"column":4},"end":{"line":374,"column":null}},"type":"if","locations":[{"start":{"line":374,"column":4},"end":{"line":374,"column":null}},{"start":{},"end":{}}],"line":374},"36":{"loc":{"start":{"line":407,"column":4},"end":{"line":409,"column":null}},"type":"if","locations":[{"start":{"line":407,"column":4},"end":{"line":409,"column":null}},{"start":{},"end":{}}],"line":407},"37":{"loc":{"start":{"line":424,"column":20},"end":{"line":424,"column":null}},"type":"cond-expr","locations":[{"start":{"line":424,"column":48},"end":{"line":424,"column":73}},{"start":{"line":424,"column":73},"end":{"line":424,"column":null}}],"line":424}},"s":{"0":1,"1":1,"2":1,"3":0,"4":0,"5":0,"6":0,"7":0,"8":0,"9":0,"10":0,"11":0,"12":0,"13":0,"14":0,"15":0,"16":0,"17":0,"18":0,"19":0,"20":0,"21":0,"22":0,"23":0,"24":0,"25":0,"26":0,"27":0,"28":0,"29":0,"30":0,"31":0,"32":0,"33":0,"34":0,"35":0,"36":0,"37":0,"38":0,"39":0,"40":0,"41":0,"42":0,"43":0,"44":0,"45":0,"46":0,"47":0,"48":0,"49":0,"50":0,"51":0,"52":0,"53":0,"54":0,"55":0,"56":0,"57":0,"58":0,"59":0,"60":0,"61":0,"62":0,"63":0,"64":0,"65":0,"66":0,"67":0,"68":0,"69":0,"70":0,"71":0,"72":0,"73":0,"74":0,"75":0,"76":0,"77":0,"78":0,"79":0,"80":0,"81":0,"82":0,"83":0,"84":0,"85":0,"86":0,"87":0,"88":0,"89":0,"90":0,"91":0,"92":0,"93":0,"94":0,"95":0,"96":0,"97":0,"98":0,"99":0,"100":0,"101":0,"102":0,"103":0,"104":0,"105":0,"106":0,"107":0,"108":0,"109":0,"110":0,"111":0,"112":0,"113":0,"114":0,"115":0,"116":0,"117":0,"118":0,"119":0,"120":0,"121":0,"122":0,"123":0,"124":0,"125":0,"126":0,"127":0,"128":0,"129":0,"130":0,"131":0,"132":0,"133":0,"134":0,"135":0,"136":0,"137":0,"138":0,"139":0,"140":0,"141":0,"142":0,"143":0,"144":0,"145":0,"146":0,"147":0,"148":0,"149":0,"150":0,"151":0,"152":0,"153":0,"154":0,"155":0,"156":0,"157":0,"158":0,"159":0,"160":0,"161":0,"162":0,"163":0,"164":0,"165":0,"166":0,"167":0,"168":0,"169":0,"170":0,"171":0,"172":0,"173":0,"174":0,"175":0,"176":0,"177":0,"178":0,"179":0,"180":0,"181":0,"182":0,"183":0,"184":0,"185":0,"186":0,"187":0,"188":0,"189":0,"190":0,"191":0,"192":0,"193":0,"194":0,"195":0,"196":0,"197":0,"198":0,"199":0,"200":0,"201":0},"f":{"0":1,"1":1,"2":1,"3":0,"4":1,"5":0,"6":0,"7":0,"8":1,"9":1,"10":1,"11":1,"12":1,"13":1,"14":1,"15":1,"16":1,"17":1,"18":1,"19":1},"b":{"0":[0,0],"1":[0,0],"2":[0,0],"3":[0,0],"4":[0,0],"5":[0,0],"6":[0,0],"7":[0,0],"8":[0,0],"9":[0,0],"10":[0,0],"11":[0,0],"12":[0,0],"13":[0,0],"14":[0,0],"15":[0,0],"16":[0,0],"17":[0,0],"18":[0,0],"19":[0,0],"20":[0,0],"21":[0,0,0],"22":[0,0],"23":[0,0],"24":[0,0],"25":[0,0],"26":[0,0],"27":[0,0],"28":[0,0],"29":[0,0],"30":[0,0],"31":[0,0],"32":[0,0],"33":[0,0],"34":[0,0],"35":[0,0],"36":[0,0],"37":[0,0]},"meta":{"lastBranch":38,"lastFunction":20,"lastStatement":202,"seen":{"s:9:21:9:Infinity":0,"s:10:23:10:Infinity":1,"s:11:12:11:Infinity":2,"f:26:9:26:38":0,"s:27:4:32:Infinity":3,"s:28:6:28:Infinity":4,"s:29:6:29:Infinity":5,"s:31:6:31:Infinity":6,"f:38:15:38:43":1,"b:39:4:39:Infinity:undefined:undefined:undefined:undefined":0,"s:39:4:39:Infinity":7,"s:39:34:39:Infinity":8,"s:41:21:41:Infinity":9,"b:42:4:68:Infinity:59:11:68:Infinity":1,"s:42:4:68:Infinity":10,"s:43:6:43:Infinity":11,"s:45:21:45:Infinity":12,"b:45:21:45:58:45:58:45:Infinity":2,"s:46:6:58:Infinity":13,"b:47:8:55:Infinity:49:15:55:Infinity":3,"s:47:8:55:Infinity":14,"s:48:10:48:Infinity":15,"s:50:10:54:Infinity":16,"s:51:12:51:Infinity":17,"s:53:12:53:Infinity":18,"s:57:8:57:Infinity":19,"b:59:11:68:Infinity:66:11:68:Infinity":4,"s:59:11:68:Infinity":20,"s:60:6:60:Infinity":21,"s:61:6:65:Infinity":22,"s:62:8:62:Infinity":23,"s:64:8:64:Infinity":24,"s:67:6:67:Infinity":25,"f:74:9:74:39":2,"b:75:4:75:Infinity:undefined:undefined:undefined:undefined":5,"s:75:4:75:Infinity":26,"s:75:35:75:Infinity":27,"s:76:4:83:Infinity":28,"s:77:12:77:Infinity":29,"s:79:20:79:Infinity":30,"s:80:6:80:Infinity":31,"f:80:19:80:24":3,"s:80:32:80:57":32,"s:82:6:82:Infinity":33,"f:89:9:89:41":4,"b:90:4:90:Infinity:undefined:undefined:undefined:undefined":6,"s:90:4:90:Infinity":34,"s:90:35:90:Infinity":35,"s:91:4:102:Infinity":36,"s:92:12:92:Infinity":37,"s:93:6:99:Infinity":38,"f:97:9:97:13":5,"s:97:21:97:32":39,"f:98:9:98:16":6,"s:98:24:98:49":40,"f:99:9:99:13":7,"s:99:21:99:40":41,"s:101:6:101:Infinity":42,"f:108:9:108:20":8,"b:109:4:109:Infinity:undefined:undefined:undefined:undefined":7,"s:109:4:109:Infinity":43,"s:109:35:109:Infinity":44,"s:110:4:116:Infinity":45,"s:112:12:112:Infinity":46,"s:113:6:113:Infinity":47,"s:115:6:115:Infinity":48,"f:122:9:122:23":9,"b:123:4:123:Infinity:undefined:undefined:undefined:undefined":8,"s:123:4:123:Infinity":49,"s:123:35:123:Infinity":50,"s:124:4:132:Infinity":51,"s:125:12:125:Infinity":52,"b:126:6:128:Infinity:undefined:undefined:undefined:undefined":9,"s:126:6:128:Infinity":53,"b:126:10:126:36:126:36:126:60":10,"s:127:8:127:Infinity":54,"s:129:6:129:Infinity":55,"s:131:6:131:Infinity":56,"f:138:17:138:29":10,"s:139:4:144:Infinity":57,"s:140:6:140:Infinity":58,"s:142:6:142:Infinity":59,"s:143:6:143:Infinity":60,"f:150:17:150:41":11,"s:151:16:151:Infinity":61,"s:152:16:152:Infinity":62,"s:153:4:153:Infinity":63,"b:153:24:153:28:153:28:153:Infinity":11,"f:159:9:159:35":12,"s:160:4:160:Infinity":64,"f:166:9:166:37":13,"b:167:4:167:Infinity:undefined:undefined:undefined:undefined":12,"s:167:4:167:Infinity":65,"s:167:36:167:Infinity":66,"s:169:4:169:Infinity":67,"s:170:19:170:Infinity":68,"b:173:4:178:Infinity:undefined:undefined:undefined:undefined":13,"s:173:4:178:Infinity":69,"s:174:6:174:Infinity":70,"s:175:6:175:Infinity":71,"s:176:6:176:Infinity":72,"s:177:6:177:Infinity":73,"s:181:4:181:Infinity":74,"s:182:4:182:Infinity":75,"s:183:4:183:Infinity":76,"s:184:4:184:Infinity":77,"s:185:4:185:Infinity":78,"s:186:4:186:Infinity":79,"b:189:4:195:Infinity:undefined:undefined:undefined:undefined":14,"s:189:4:195:Infinity":80,"s:190:6:194:Infinity":81,"s:191:8:191:Infinity":82,"s:197:4:197:Infinity":83,"s:198:4:198:Infinity":84,"f:204:9:204:36":14,"b:205:4:205:Infinity:undefined:undefined:undefined:undefined":15,"s:205:4:205:Infinity":85,"s:205:36:205:Infinity":86,"s:207:25:207:Infinity":87,"s:208:19:208:Infinity":88,"s:209:18:209:Infinity":89,"s:211:4:211:Infinity":90,"b:213:4:252:Infinity:219:9:252:Infinity":16,"s:213:4:252:Infinity":91,"b:213:8:213:43:213:43:213:75":17,"s:214:6:214:Infinity":92,"s:215:6:215:Infinity":93,"s:216:6:216:Infinity":94,"s:217:6:217:Infinity":95,"b:219:9:252:Infinity:228:9:252:Infinity":18,"s:219:9:252:Infinity":96,"b:219:13:219:48:219:48:219:80":19,"s:220:6:220:Infinity":97,"s:221:6:221:Infinity":98,"s:222:6:225:Infinity":99,"s:224:8:224:Infinity":100,"s:226:6:226:Infinity":101,"b:228:9:252:Infinity:242:9:252:Infinity":20,"s:228:9:252:Infinity":102,"b:228:13:228:46:228:46:228:81:228:81:228:115":21,"b:229:6:236:Infinity:233:13:236:Infinity":22,"s:229:6:236:Infinity":103,"s:231:8:231:Infinity":104,"s:232:8:232:Infinity":105,"s:234:8:234:Infinity":106,"s:235:8:235:Infinity":107,"s:237:6:239:Infinity":108,"s:238:8:238:Infinity":109,"s:240:6:240:Infinity":110,"b:242:9:252:Infinity:250:9:252:Infinity":23,"s:242:9:252:Infinity":111,"b:242:13:242:46:242:46:242:77":24,"s:243:6:243:Infinity":112,"s:244:6:244:Infinity":113,"s:245:6:247:Infinity":114,"s:246:8:246:Infinity":115,"s:248:6:248:Infinity":116,"s:251:6:251:Infinity":117,"s:254:4:254:Infinity":118,"s:255:4:255:Infinity":119,"s:256:4:256:Infinity":120,"f:262:17:262:43":15,"b:263:4:263:Infinity:undefined:undefined:undefined:undefined":25,"s:263:4:263:Infinity":121,"s:263:37:263:Infinity":122,"s:264:4:264:Infinity":123,"s:266:22:266:Infinity":124,"s:267:4:267:Infinity":125,"f:273:9:273:39":16,"s:274:21:274:Infinity":126,"b:275:4:282:Infinity:undefined:undefined:undefined:undefined":26,"s:275:4:282:Infinity":127,"s:276:6:281:Infinity":128,"s:277:14:277:Infinity":129,"s:278:8:278:Infinity":130,"s:280:8:280:Infinity":131,"s:285:4:290:Infinity":132,"s:286:12:286:Infinity":133,"s:287:6:287:Infinity":134,"b:287:13:287:47:287:47:287:Infinity":27,"s:289:6:289:Infinity":135,"f:296:9:296:30":17,"s:297:21:297:Infinity":136,"b:299:4:319:Infinity:undefined:undefined:undefined:undefined":28,"s:299:4:319:Infinity":137,"s:300:6:300:Infinity":138,"b:301:6:313:Infinity:309:13:313:Infinity":29,"s:301:6:313:Infinity":139,"s:302:8:308:Infinity":140,"s:303:10:303:Infinity":141,"s:304:26:304:Infinity":142,"b:305:10:307:Infinity:undefined:undefined:undefined:undefined":30,"s:305:10:307:Infinity":143,"s:306:12:306:Infinity":144,"s:310:8:312:Infinity":145,"s:311:10:311:Infinity":146,"s:314:6:316:Infinity":147,"s:315:8:315:Infinity":148,"s:317:6:317:Infinity":149,"s:318:6:318:Infinity":150,"s:322:4:322:Infinity":151,"s:323:4:323:Infinity":152,"s:326:4:337:Infinity":153,"s:327:6:327:Infinity":154,"s:329:6:329:Infinity":155,"b:330:6:336:Infinity:332:13:336:Infinity":31,"s:330:6:336:Infinity":156,"s:331:8:331:Infinity":157,"b:332:13:336:Infinity:334:13:336:Infinity":32,"s:332:13:336:Infinity":158,"s:333:8:333:Infinity":159,"s:335:8:335:Infinity":160,"b:339:4:367:Infinity:360:11:367:Infinity":33,"s:339:4:367:Infinity":161,"s:340:21:340:Infinity":162,"b:340:21:340:43:340:43:340:Infinity":34,"s:341:21:341:Infinity":163,"s:342:6:342:Infinity":164,"s:344:24:344:Infinity":165,"s:345:25:345:Infinity":166,"s:346:6:346:Infinity":167,"s:348:6:359:Infinity":168,"s:349:8:349:Infinity":169,"s:350:8:350:Infinity":170,"s:353:14:356:Infinity":171,"s:357:8:357:Infinity":172,"s:358:8:358:Infinity":173,"s:361:12:364:Infinity":174,"s:365:6:365:Infinity":175,"s:366:6:366:Infinity":176,"f:373:9:373:37":18,"b:374:4:374:Infinity:undefined:undefined:undefined:undefined":35,"s:374:4:374:Infinity":177,"s:374:36:374:Infinity":178,"s:376:4:376:Infinity":179,"s:379:4:379:Infinity":180,"s:380:4:380:Infinity":181,"s:381:4:381:Infinity":182,"s:384:4:384:Infinity":183,"s:385:4:385:Infinity":184,"s:386:4:386:Infinity":185,"s:387:4:387:Infinity":186,"s:388:4:388:Infinity":187,"s:391:4:391:Infinity":188,"s:392:4:392:Infinity":189,"s:393:4:393:Infinity":190,"s:394:4:394:Infinity":191,"s:395:4:395:Infinity":192,"s:396:4:396:Infinity":193,"s:397:4:397:Infinity":194,"s:400:4:402:Infinity":195,"s:401:6:401:Infinity":196,"s:405:4:405:Infinity":197,"b:407:4:409:Infinity:undefined:undefined:undefined:undefined":36,"s:407:4:409:Infinity":198,"s:408:6:408:Infinity":199,"s:411:4:411:Infinity":200,"f:417:9:417:32":19,"s:418:4:425:Infinity":201,"b:424:48:424:73:424:73:424:Infinity":37},"fnNames":{}}}
,"/root/LexHub/core/src/manager/config.ts": {"path":"/root/LexHub/core/src/manager/config.ts","statementMap":{"0":{"start":{"line":6,"column":24},"end":{"line":6,"column":null}},"1":{"start":{"line":7,"column":26},"end":{"line":7,"column":null}},"2":{"start":{"line":8,"column":27},"end":{"line":8,"column":null}},"3":{"start":{"line":9,"column":24},"end":{"line":9,"column":null}},"4":{"start":{"line":11,"column":22},"end":{"line":11,"column":null}},"5":{"start":{"line":12,"column":23},"end":{"line":12,"column":null}},"6":{"start":{"line":52,"column":41},"end":{"line":61,"column":null}},"7":{"start":{"line":70,"column":4},"end":{"line":72,"column":null}},"8":{"start":{"line":71,"column":6},"end":{"line":71,"column":null}},"9":{"start":{"line":73,"column":4},"end":{"line":75,"column":null}},"10":{"start":{"line":74,"column":6},"end":{"line":74,"column":null}},"11":{"start":{"line":76,"column":4},"end":{"line":79,"column":null}},"12":{"start":{"line":77,"column":6},"end":{"line":77,"column":null}},"13":{"start":{"line":78,"column":6},"end":{"line":78,"column":null}},"14":{"start":{"line":80,"column":4},"end":{"line":83,"column":null}},"15":{"start":{"line":81,"column":6},"end":{"line":81,"column":null}},"16":{"start":{"line":82,"column":6},"end":{"line":82,"column":null}},"17":{"start":{"line":89,"column":4},"end":{"line":95,"column":null}},"18":{"start":{"line":90,"column":18},"end":{"line":90,"column":null}},"19":{"start":{"line":91,"column":6},"end":{"line":91,"column":null}},"20":{"start":{"line":93,"column":6},"end":{"line":93,"column":null}},"21":{"start":{"line":94,"column":6},"end":{"line":94,"column":null}},"22":{"start":{"line":99,"column":16},"end":{"line":99,"column":null}},"23":{"start":{"line":100,"column":4},"end":{"line":100,"column":null}},"24":{"start":{"line":101,"column":4},"end":{"line":101,"column":null}},"25":{"start":{"line":105,"column":20},"end":{"line":105,"column":null}},"26":{"start":{"line":106,"column":20},"end":{"line":106,"column":null}},"27":{"start":{"line":107,"column":4},"end":{"line":107,"column":null}},"28":{"start":{"line":108,"column":4},"end":{"line":108,"column":null}},"29":{"start":{"line":114,"column":4},"end":{"line":119,"column":null}},"30":{"start":{"line":115,"column":18},"end":{"line":115,"column":null}},"31":{"start":{"line":116,"column":6},"end":{"line":116,"column":null}},"32":{"start":{"line":118,"column":6},"end":{"line":118,"column":null}},"33":{"start":{"line":123,"column":4},"end":{"line":123,"column":null}},"34":{"start":{"line":124,"column":16},"end":{"line":124,"column":null}},"35":{"start":{"line":125,"column":4},"end":{"line":125,"column":null}},"36":{"start":{"line":126,"column":4},"end":{"line":126,"column":null}},"37":{"start":{"line":130,"column":4},"end":{"line":130,"column":null}},"38":{"start":{"line":134,"column":21},"end":{"line":134,"column":null}},"39":{"start":{"line":135,"column":21},"end":{"line":143,"column":null}},"40":{"start":{"line":144,"column":4},"end":{"line":144,"column":null}},"41":{"start":{"line":145,"column":4},"end":{"line":145,"column":null}},"42":{"start":{"line":149,"column":21},"end":{"line":149,"column":null}},"43":{"start":{"line":150,"column":4},"end":{"line":150,"column":null}},"44":{"start":{"line":151,"column":4},"end":{"line":151,"column":null}},"45":{"start":{"line":155,"column":4},"end":{"line":155,"column":null}},"46":{"start":{"line":159,"column":4},"end":{"line":159,"column":null}}},"fnMap":{"0":{"name":"init","decl":{"start":{"line":69,"column":9},"end":{"line":69,"column":22}},"loc":{"start":{"line":69,"column":22},"end":{"line":84,"column":null}},"line":69},"1":{"name":"loadSettings","decl":{"start":{"line":88,"column":9},"end":{"line":88,"column":40}},"loc":{"start":{"line":88,"column":40},"end":{"line":96,"column":null}},"line":88},"2":{"name":"saveSettings","decl":{"start":{"line":98,"column":9},"end":{"line":98,"column":22}},"loc":{"start":{"line":98,"column":54},"end":{"line":102,"column":null}},"line":98},"3":{"name":"patchSettings","decl":{"start":{"line":104,"column":9},"end":{"line":104,"column":23}},"loc":{"start":{"line":104,"column":73},"end":{"line":109,"column":null}},"line":104},"4":{"name":"loadInstalled","decl":{"start":{"line":113,"column":9},"end":{"line":113,"column":44}},"loc":{"start":{"line":113,"column":44},"end":{"line":120,"column":null}},"line":113},"5":{"name":"saveInstalled","decl":{"start":{"line":122,"column":9},"end":{"line":122,"column":23}},"loc":{"start":{"line":122,"column":58},"end":{"line":127,"column":null}},"line":122},"6":{"name":"getModuleRecord","decl":{"start":{"line":129,"column":9},"end":{"line":129,"column":25}},"loc":{"start":{"line":129,"column":72},"end":{"line":131,"column":null}},"line":129},"7":{"name":"upsertModuleRecord","decl":{"start":{"line":133,"column":9},"end":{"line":133,"column":28}},"loc":{"start":{"line":133,"column":85},"end":{"line":146,"column":null}},"line":133},"8":{"name":"removeModuleRecord","decl":{"start":{"line":148,"column":9},"end":{"line":148,"column":28}},"loc":{"start":{"line":148,"column":46},"end":{"line":152,"column":null}},"line":148},"9":{"name":"getAllInstalledModules","decl":{"start":{"line":154,"column":9},"end":{"line":154,"column":59}},"loc":{"start":{"line":154,"column":59},"end":{"line":156,"column":null}},"line":154},"10":{"name":"setModuleStatus","decl":{"start":{"line":158,"column":9},"end":{"line":158,"column":25}},"loc":{"start":{"line":158,"column":105},"end":{"line":160,"column":null}},"line":158}},"branchMap":{"0":{"loc":{"start":{"line":70,"column":4},"end":{"line":72,"column":null}},"type":"if","locations":[{"start":{"line":70,"column":4},"end":{"line":72,"column":null}},{"start":{},"end":{}}],"line":70},"1":{"loc":{"start":{"line":73,"column":4},"end":{"line":75,"column":null}},"type":"if","locations":[{"start":{"line":73,"column":4},"end":{"line":75,"column":null}},{"start":{},"end":{}}],"line":73},"2":{"loc":{"start":{"line":76,"column":4},"end":{"line":79,"column":null}},"type":"if","locations":[{"start":{"line":76,"column":4},"end":{"line":79,"column":null}},{"start":{},"end":{}}],"line":76},"3":{"loc":{"start":{"line":80,"column":4},"end":{"line":83,"column":null}},"type":"if","locations":[{"start":{"line":80,"column":4},"end":{"line":83,"column":null}},{"start":{},"end":{}}],"line":80},"4":{"loc":{"start":{"line":135,"column":21},"end":{"line":143,"column":null}},"type":"binary-expr","locations":[{"start":{"line":135,"column":21},"end":{"line":135,"column":45}},{"start":{"line":135,"column":45},"end":{"line":143,"column":null}}],"line":135}},"s":{"0":2,"1":2,"2":2,"3":2,"4":2,"5":2,"6":2,"7":1,"8":1,"9":1,"10":1,"11":1,"12":1,"13":1,"14":1,"15":1,"16":1,"17":5,"18":5,"19":5,"20":0,"21":0,"22":3,"23":3,"24":3,"25":1,"26":1,"27":1,"28":1,"29":9,"30":9,"31":9,"32":0,"33":4,"34":4,"35":4,"36":4,"37":3,"38":2,"39":2,"40":2,"41":2,"42":1,"43":1,"44":1,"45":2,"46":1},"f":{"0":2,"1":2,"2":2,"3":2,"4":2,"5":2,"6":2,"7":2,"8":2,"9":2,"10":2},"b":{"0":[1,0],"1":[1,0],"2":[1,0],"3":[1,0],"4":[2,1]},"meta":{"lastBranch":5,"lastFunction":11,"lastStatement":47,"seen":{"s:6:24:6:Infinity":0,"s:7:26:7:Infinity":1,"s:8:27:8:Infinity":2,"s:9:24:9:Infinity":3,"s:11:22:11:Infinity":4,"s:12:23:12:Infinity":5,"s:52:41:61:Infinity":6,"f:69:9:69:22":0,"b:70:4:72:Infinity:undefined:undefined:undefined:undefined":0,"s:70:4:72:Infinity":7,"s:71:6:71:Infinity":8,"b:73:4:75:Infinity:undefined:undefined:undefined:undefined":1,"s:73:4:75:Infinity":9,"s:74:6:74:Infinity":10,"b:76:4:79:Infinity:undefined:undefined:undefined:undefined":2,"s:76:4:79:Infinity":11,"s:77:6:77:Infinity":12,"s:78:6:78:Infinity":13,"b:80:4:83:Infinity:undefined:undefined:undefined:undefined":3,"s:80:4:83:Infinity":14,"s:81:6:81:Infinity":15,"s:82:6:82:Infinity":16,"f:88:9:88:40":1,"s:89:4:95:Infinity":17,"s:90:18:90:Infinity":18,"s:91:6:91:Infinity":19,"s:93:6:93:Infinity":20,"s:94:6:94:Infinity":21,"f:98:9:98:22":2,"s:99:16:99:Infinity":22,"s:100:4:100:Infinity":23,"s:101:4:101:Infinity":24,"f:104:9:104:23":3,"s:105:20:105:Infinity":25,"s:106:20:106:Infinity":26,"s:107:4:107:Infinity":27,"s:108:4:108:Infinity":28,"f:113:9:113:44":4,"s:114:4:119:Infinity":29,"s:115:18:115:Infinity":30,"s:116:6:116:Infinity":31,"s:118:6:118:Infinity":32,"f:122:9:122:23":5,"s:123:4:123:Infinity":33,"s:124:16:124:Infinity":34,"s:125:4:125:Infinity":35,"s:126:4:126:Infinity":36,"f:129:9:129:25":6,"s:130:4:130:Infinity":37,"f:133:9:133:28":7,"s:134:21:134:Infinity":38,"s:135:21:143:Infinity":39,"b:135:21:135:45:135:45:143:Infinity":4,"s:144:4:144:Infinity":40,"s:145:4:145:Infinity":41,"f:148:9:148:28":8,"s:149:21:149:Infinity":42,"s:150:4:150:Infinity":43,"s:151:4:151:Infinity":44,"f:154:9:154:59":9,"s:155:4:155:Infinity":45,"f:158:9:158:25":10,"s:159:4:159:Infinity":46},"fnNames":{}}}
,"/root/LexHub/core/src/manager/logger.ts": {"path":"/root/LexHub/core/src/manager/logger.ts","statementMap":{"0":{"start":{"line":3,"column":17},"end":{"line":3,"column":null}},"1":{"start":{"line":4,"column":17},"end":{"line":4,"column":null}},"2":{"start":{"line":9,"column":26},"end":{"line":9,"column":null}},"3":{"start":{"line":10,"column":33},"end":{"line":10,"column":null}},"4":{"start":{"line":11,"column":37},"end":{"line":11,"column":null}},"5":{"start":{"line":14,"column":4},"end":{"line":14,"column":null}},"6":{"start":{"line":14,"column":32},"end":{"line":14,"column":null}},"7":{"start":{"line":15,"column":4},"end":{"line":15,"column":null}},"8":{"start":{"line":16,"column":4},"end":{"line":26,"column":null}},"9":{"start":{"line":17,"column":6},"end":{"line":17,"column":null}},"10":{"start":{"line":18,"column":6},"end":{"line":25,"column":null}},"11":{"start":{"line":19,"column":22},"end":{"line":19,"column":null}},"12":{"start":{"line":20,"column":8},"end":{"line":24,"column":null}},"13":{"start":{"line":21,"column":29},"end":{"line":21,"column":null}},"14":{"start":{"line":22,"column":10},"end":{"line":22,"column":null}},"15":{"start":{"line":22,"column":41},"end":{"line":22,"column":null}},"16":{"start":{"line":23,"column":10},"end":{"line":23,"column":null}},"17":{"start":{"line":33,"column":4},"end":{"line":35,"column":null}},"18":{"start":{"line":34,"column":6},"end":{"line":34,"column":null}},"19":{"start":{"line":36,"column":25},"end":{"line":36,"column":null}},"20":{"start":{"line":37,"column":4},"end":{"line":39,"column":null}},"21":{"start":{"line":38,"column":6},"end":{"line":38,"column":null}},"22":{"start":{"line":46,"column":22},"end":{"line":46,"column":null}},"23":{"start":{"line":47,"column":20},"end":{"line":47,"column":null}},"24":{"start":{"line":50,"column":22},"end":{"line":50,"column":null}},"25":{"start":{"line":51,"column":4},"end":{"line":51,"column":null}},"26":{"start":{"line":51,"column":29},"end":{"line":51,"column":null}},"27":{"start":{"line":52,"column":4},"end":{"line":52,"column":null}},"28":{"start":{"line":52,"column":26},"end":{"line":52,"column":null}},"29":{"start":{"line":53,"column":4},"end":{"line":53,"column":null}},"30":{"start":{"line":53,"column":27},"end":{"line":53,"column":null}},"31":{"start":{"line":54,"column":4},"end":{"line":54,"column":null}},"32":{"start":{"line":54,"column":26},"end":{"line":54,"column":null}},"33":{"start":{"line":56,"column":4},"end":{"line":56,"column":null}},"34":{"start":{"line":59,"column":4},"end":{"line":62,"column":null}},"35":{"start":{"line":60,"column":6},"end":{"line":61,"column":null}},"36":{"start":{"line":60,"column":15},"end":{"line":60,"column":null}},"37":{"start":{"line":61,"column":11},"end":{"line":61,"column":null}},"38":{"start":{"line":66,"column":4},"end":{"line":66,"column":null}},"39":{"start":{"line":70,"column":4},"end":{"line":70,"column":null}},"40":{"start":{"line":74,"column":4},"end":{"line":74,"column":null}},"41":{"start":{"line":78,"column":4},"end":{"line":78,"column":null}},"42":{"start":{"line":86,"column":4},"end":{"line":88,"column":null}},"43":{"start":{"line":87,"column":6},"end":{"line":87,"column":null}},"44":{"start":{"line":89,"column":4},"end":{"line":104,"column":null}},"45":{"start":{"line":90,"column":20},"end":{"line":90,"column":null}},"46":{"start":{"line":91,"column":24},"end":{"line":91,"column":null}},"47":{"start":{"line":92,"column":20},"end":{"line":92,"column":null}},"48":{"start":{"line":93,"column":21},"end":{"line":93,"column":null}},"49":{"start":{"line":95,"column":17},"end":{"line":95,"column":null}},"50":{"start":{"line":96,"column":6},"end":{"line":96,"column":null}},"51":{"start":{"line":97,"column":6},"end":{"line":97,"column":null}},"52":{"start":{"line":99,"column":22},"end":{"line":99,"column":null}},"53":{"start":{"line":100,"column":20},"end":{"line":100,"column":null}},"54":{"start":{"line":101,"column":6},"end":{"line":101,"column":null}},"55":{"start":{"line":103,"column":6},"end":{"line":103,"column":null}},"56":{"start":{"line":111,"column":25},"end":{"line":111,"column":null}},"57":{"start":{"line":112,"column":4},"end":{"line":115,"column":null}}},"fnMap":{"0":{"name":"scheduleRotation","decl":{"start":{"line":13,"column":17},"end":{"line":13,"column":34}},"loc":{"start":{"line":13,"column":58},"end":{"line":27,"column":null}},"line":13},"1":{"name":"(anonymous_1)","decl":{"start":{"line":16,"column":4},"end":{"line":16,"column":21}},"loc":{"start":{"line":16,"column":21},"end":{"line":26,"column":7}},"line":16},"2":{"name":"init","decl":{"start":{"line":32,"column":9},"end":{"line":32,"column":22}},"loc":{"start":{"line":32,"column":22},"end":{"line":40,"column":null}},"line":32},"3":{"name":"log","decl":{"start":{"line":45,"column":9},"end":{"line":45,"column":13}},"loc":{"start":{"line":45,"column":83},"end":{"line":63,"column":null}},"line":45},"4":{"name":"(anonymous_4)","decl":{"start":{"line":59,"column":47},"end":{"line":59,"column":56}},"loc":{"start":{"line":59,"column":64},"end":{"line":62,"column":5}},"line":59},"5":{"name":"info","decl":{"start":{"line":65,"column":9},"end":{"line":65,"column":14}},"loc":{"start":{"line":65,"column":57},"end":{"line":67,"column":null}},"line":65},"6":{"name":"warn","decl":{"start":{"line":69,"column":9},"end":{"line":69,"column":14}},"loc":{"start":{"line":69,"column":57},"end":{"line":71,"column":null}},"line":69},"7":{"name":"error","decl":{"start":{"line":73,"column":9},"end":{"line":73,"column":15}},"loc":{"start":{"line":73,"column":58},"end":{"line":75,"column":null}},"line":73},"8":{"name":"success","decl":{"start":{"line":77,"column":9},"end":{"line":77,"column":17}},"loc":{"start":{"line":77,"column":60},"end":{"line":79,"column":null}},"line":77},"9":{"name":"readTail","decl":{"start":{"line":85,"column":9},"end":{"line":85,"column":18}},"loc":{"start":{"line":85,"column":70},"end":{"line":105,"column":null}},"line":85},"10":{"name":"getModuleLogPaths","decl":{"start":{"line":110,"column":9},"end":{"line":110,"column":27}},"loc":{"start":{"line":110,"column":45},"end":{"line":116,"column":null}},"line":110}},"branchMap":{"0":{"loc":{"start":{"line":14,"column":4},"end":{"line":14,"column":null}},"type":"if","locations":[{"start":{"line":14,"column":4},"end":{"line":14,"column":null}},{"start":{},"end":{}}],"line":14},"1":{"loc":{"start":{"line":20,"column":8},"end":{"line":24,"column":null}},"type":"if","locations":[{"start":{"line":20,"column":8},"end":{"line":24,"column":null}},{"start":{},"end":{}}],"line":20},"2":{"loc":{"start":{"line":22,"column":10},"end":{"line":22,"column":null}},"type":"if","locations":[{"start":{"line":22,"column":10},"end":{"line":22,"column":null}},{"start":{},"end":{}}],"line":22},"3":{"loc":{"start":{"line":33,"column":4},"end":{"line":35,"column":null}},"type":"if","locations":[{"start":{"line":33,"column":4},"end":{"line":35,"column":null}},{"start":{},"end":{}}],"line":33},"4":{"loc":{"start":{"line":37,"column":4},"end":{"line":39,"column":null}},"type":"if","locations":[{"start":{"line":37,"column":4},"end":{"line":39,"column":null}},{"start":{},"end":{}}],"line":37},"5":{"loc":{"start":{"line":45,"column":47},"end":{"line":45,"column":83}},"type":"default-arg","locations":[{"start":{"line":45,"column":67},"end":{"line":45,"column":83}}],"line":45},"6":{"loc":{"start":{"line":51,"column":4},"end":{"line":51,"column":null}},"type":"if","locations":[{"start":{"line":51,"column":4},"end":{"line":51,"column":null}},{"start":{},"end":{}}],"line":51},"7":{"loc":{"start":{"line":52,"column":4},"end":{"line":52,"column":null}},"type":"if","locations":[{"start":{"line":52,"column":4},"end":{"line":52,"column":null}},{"start":{},"end":{}}],"line":52},"8":{"loc":{"start":{"line":53,"column":4},"end":{"line":53,"column":null}},"type":"if","locations":[{"start":{"line":53,"column":4},"end":{"line":53,"column":null}},{"start":{},"end":{}}],"line":53},"9":{"loc":{"start":{"line":54,"column":4},"end":{"line":54,"column":null}},"type":"if","locations":[{"start":{"line":54,"column":4},"end":{"line":54,"column":null}},{"start":{},"end":{}}],"line":54},"10":{"loc":{"start":{"line":60,"column":6},"end":{"line":61,"column":null}},"type":"if","locations":[{"start":{"line":60,"column":6},"end":{"line":61,"column":null}},{"start":{"line":61,"column":11},"end":{"line":61,"column":null}}],"line":60},"11":{"loc":{"start":{"line":85,"column":36},"end":{"line":85,"column":70}},"type":"default-arg","locations":[{"start":{"line":85,"column":57},"end":{"line":85,"column":70}}],"line":85},"12":{"loc":{"start":{"line":86,"column":4},"end":{"line":88,"column":null}},"type":"if","locations":[{"start":{"line":86,"column":4},"end":{"line":88,"column":null}},{"start":{},"end":{}}],"line":86}},"s":{"0":2,"1":2,"2":2,"3":2,"4":2,"5":0,"6":0,"7":0,"8":0,"9":0,"10":0,"11":0,"12":0,"13":0,"14":0,"15":0,"16":0,"17":0,"18":0,"19":0,"20":0,"21":0,"22":2,"23":2,"24":2,"25":2,"26":0,"27":2,"28":0,"29":2,"30":0,"31":2,"32":2,"33":2,"34":2,"35":0,"36":0,"37":0,"38":2,"39":0,"40":0,"41":0,"42":0,"43":0,"44":0,"45":0,"46":0,"47":0,"48":0,"49":0,"50":0,"51":0,"52":0,"53":0,"54":0,"55":0,"56":0,"57":0},"f":{"0":2,"1":0,"2":2,"3":2,"4":0,"5":2,"6":2,"7":2,"8":2,"9":2,"10":2},"b":{"0":[0,0],"1":[0,0],"2":[0,0],"3":[0,0],"4":[0,0],"5":[2],"6":[0,2],"7":[0,2],"8":[0,2],"9":[2,0],"10":[0,0],"11":[0],"12":[0,0]},"meta":{"lastBranch":13,"lastFunction":11,"lastStatement":58,"seen":{"s:3:17:3:Infinity":0,"s:4:17:4:Infinity":1,"s:9:26:9:Infinity":2,"s:10:33:10:Infinity":3,"s:11:37:11:Infinity":4,"f:13:17:13:34":0,"b:14:4:14:Infinity:undefined:undefined:undefined:undefined":0,"s:14:4:14:Infinity":5,"s:14:32:14:Infinity":6,"s:15:4:15:Infinity":7,"s:16:4:26:Infinity":8,"f:16:4:16:21":1,"s:17:6:17:Infinity":9,"s:18:6:25:Infinity":10,"s:19:22:19:Infinity":11,"b:20:8:24:Infinity:undefined:undefined:undefined:undefined":1,"s:20:8:24:Infinity":12,"s:21:29:21:Infinity":13,"b:22:10:22:Infinity:undefined:undefined:undefined:undefined":2,"s:22:10:22:Infinity":14,"s:22:41:22:Infinity":15,"s:23:10:23:Infinity":16,"f:32:9:32:22":2,"b:33:4:35:Infinity:undefined:undefined:undefined:undefined":3,"s:33:4:35:Infinity":17,"s:34:6:34:Infinity":18,"s:36:25:36:Infinity":19,"b:37:4:39:Infinity:undefined:undefined:undefined:undefined":4,"s:37:4:39:Infinity":20,"s:38:6:38:Infinity":21,"f:45:9:45:13":3,"b:45:67:45:83":5,"s:46:22:46:Infinity":22,"s:47:20:47:Infinity":23,"s:50:22:50:Infinity":24,"b:51:4:51:Infinity:undefined:undefined:undefined:undefined":6,"s:51:4:51:Infinity":25,"s:51:29:51:Infinity":26,"b:52:4:52:Infinity:undefined:undefined:undefined:undefined":7,"s:52:4:52:Infinity":27,"s:52:26:52:Infinity":28,"b:53:4:53:Infinity:undefined:undefined:undefined:undefined":8,"s:53:4:53:Infinity":29,"s:53:27:53:Infinity":30,"b:54:4:54:Infinity:undefined:undefined:undefined:undefined":9,"s:54:4:54:Infinity":31,"s:54:26:54:Infinity":32,"s:56:4:56:Infinity":33,"s:59:4:62:Infinity":34,"f:59:47:59:56":4,"b:60:6:61:Infinity:61:11:61:Infinity":10,"s:60:6:61:Infinity":35,"s:60:15:60:Infinity":36,"s:61:11:61:Infinity":37,"f:65:9:65:14":5,"s:66:4:66:Infinity":38,"f:69:9:69:14":6,"s:70:4:70:Infinity":39,"f:73:9:73:15":7,"s:74:4:74:Infinity":40,"f:77:9:77:17":8,"s:78:4:78:Infinity":41,"f:85:9:85:18":9,"b:85:57:85:70":11,"b:86:4:88:Infinity:undefined:undefined:undefined:undefined":12,"s:86:4:88:Infinity":42,"s:87:6:87:Infinity":43,"s:89:4:104:Infinity":44,"s:90:20:90:Infinity":45,"s:91:24:91:Infinity":46,"s:92:20:92:Infinity":47,"s:93:21:93:Infinity":48,"s:95:17:95:Infinity":49,"s:96:6:96:Infinity":50,"s:97:6:97:Infinity":51,"s:99:22:99:Infinity":52,"s:100:20:100:Infinity":53,"s:101:6:101:Infinity":54,"s:103:6:103:Infinity":55,"f:110:9:110:27":10,"s:111:25:111:Infinity":56,"s:112:4:115:Infinity":57},"fnNames":{}}}
,"/root/LexHub/core/src/manager/migrate.ts": {"path":"/root/LexHub/core/src/manager/migrate.ts","statementMap":{"0":{"start":{"line":23,"column":17},"end":{"line":23,"column":null}},"1":{"start":{"line":24,"column":52},"end":{"line":24,"column":null}},"2":{"start":{"line":27,"column":19},"end":{"line":27,"column":null}},"3":{"start":{"line":28,"column":4},"end":{"line":37,"column":null}},"4":{"start":{"line":29,"column":25},"end":{"line":30,"column":null}},"5":{"start":{"line":32,"column":6},"end":{"line":36,"column":null}},"6":{"start":{"line":40,"column":23},"end":{"line":40,"column":null}},"7":{"start":{"line":41,"column":4},"end":{"line":55,"column":null}},"8":{"start":{"line":42,"column":19},"end":{"line":42,"column":null}},"9":{"start":{"line":43,"column":6},"end":{"line":54,"column":null}},"10":{"start":{"line":44,"column":8},"end":{"line":44,"column":null}},"11":{"start":{"line":44,"column":30},"end":{"line":44,"column":null}},"12":{"start":{"line":45,"column":19},"end":{"line":45,"column":null}},"13":{"start":{"line":46,"column":24},"end":{"line":46,"column":null}},"14":{"start":{"line":47,"column":27},"end":{"line":47,"column":null}},"15":{"start":{"line":49,"column":8},"end":{"line":53,"column":null}},"16":{"start":{"line":57,"column":4},"end":{"line":60,"column":null}},"17":{"start":{"line":67,"column":20},"end":{"line":67,"column":null}},"18":{"start":{"line":68,"column":19},"end":{"line":68,"column":null}},"19":{"start":{"line":68,"column":45},"end":{"line":68,"column":56}},"20":{"start":{"line":70,"column":4},"end":{"line":72,"column":null}},"21":{"start":{"line":71,"column":6},"end":{"line":71,"column":null}},"22":{"start":{"line":74,"column":25},"end":{"line":74,"column":null}},"23":{"start":{"line":75,"column":22},"end":{"line":75,"column":null}},"24":{"start":{"line":77,"column":4},"end":{"line":77,"column":null}},"25":{"start":{"line":80,"column":4},"end":{"line":85,"column":null}},"26":{"start":{"line":81,"column":6},"end":{"line":81,"column":null}},"27":{"start":{"line":82,"column":6},"end":{"line":84,"column":null}},"28":{"start":{"line":83,"column":9},"end":{"line":83,"column":null}},"29":{"start":{"line":88,"column":4},"end":{"line":97,"column":null}},"30":{"start":{"line":89,"column":6},"end":{"line":89,"column":null}},"31":{"start":{"line":90,"column":6},"end":{"line":94,"column":null}},"32":{"start":{"line":91,"column":8},"end":{"line":91,"column":null}},"33":{"start":{"line":93,"column":8},"end":{"line":93,"column":null}},"34":{"start":{"line":96,"column":6},"end":{"line":96,"column":null}},"35":{"start":{"line":101,"column":4},"end":{"line":111,"column":null}},"36":{"start":{"line":102,"column":7},"end":{"line":102,"column":null}},"37":{"start":{"line":103,"column":7},"end":{"line":103,"column":null}},"38":{"start":{"line":104,"column":7},"end":{"line":104,"column":null}},"39":{"start":{"line":105,"column":7},"end":{"line":105,"column":null}},"40":{"start":{"line":106,"column":7},"end":{"line":106,"column":null}},"41":{"start":{"line":109,"column":7},"end":{"line":109,"column":null}},"42":{"start":{"line":110,"column":7},"end":{"line":110,"column":null}},"43":{"start":{"line":114,"column":4},"end":{"line":114,"column":null}},"44":{"start":{"line":118,"column":4},"end":{"line":118,"column":null}},"45":{"start":{"line":118,"column":29},"end":{"line":118,"column":null}},"46":{"start":{"line":120,"column":18},"end":{"line":120,"column":null}},"47":{"start":{"line":121,"column":4},"end":{"line":132,"column":null}},"48":{"start":{"line":122,"column":6},"end":{"line":122,"column":null}},"49":{"start":{"line":123,"column":22},"end":{"line":123,"column":null}},"50":{"start":{"line":124,"column":6},"end":{"line":128,"column":null}},"51":{"start":{"line":125,"column":24},"end":{"line":125,"column":null}},"52":{"start":{"line":126,"column":25},"end":{"line":126,"column":null}},"53":{"start":{"line":127,"column":8},"end":{"line":127,"column":null}},"54":{"start":{"line":130,"column":6},"end":{"line":130,"column":null}},"55":{"start":{"line":131,"column":6},"end":{"line":131,"column":null}}},"fnMap":{"0":{"name":"scan","decl":{"start":{"line":22,"column":9},"end":{"line":22,"column":37}},"loc":{"start":{"line":22,"column":37},"end":{"line":61,"column":null}},"line":22},"1":{"name":"execute","decl":{"start":{"line":66,"column":15},"end":{"line":66,"column":23}},"loc":{"start":{"line":66,"column":50},"end":{"line":115,"column":null}},"line":66},"2":{"name":"(anonymous_2)","decl":{"start":{"line":68,"column":35},"end":{"line":68,"column":40}},"loc":{"start":{"line":68,"column":45},"end":{"line":68,"column":56}},"line":68},"3":{"name":"(anonymous_3)","decl":{"start":{"line":82,"column":44},"end":{"line":82,"column":50}},"loc":{"start":{"line":82,"column":57},"end":{"line":84,"column":7}},"line":82},"4":{"name":"copyDirectoryOrFile","decl":{"start":{"line":117,"column":17},"end":{"line":117,"column":37}},"loc":{"start":{"line":117,"column":64},"end":{"line":133,"column":null}},"line":117}},"branchMap":{"0":{"loc":{"start":{"line":28,"column":4},"end":{"line":37,"column":null}},"type":"if","locations":[{"start":{"line":28,"column":4},"end":{"line":37,"column":null}},{"start":{},"end":{}}],"line":28},"1":{"loc":{"start":{"line":28,"column":8},"end":{"line":28,"column":68}},"type":"binary-expr","locations":[{"start":{"line":28,"column":8},"end":{"line":28,"column":33}},{"start":{"line":28,"column":33},"end":{"line":28,"column":68}}],"line":28},"2":{"loc":{"start":{"line":29,"column":25},"end":{"line":30,"column":null}},"type":"binary-expr","locations":[{"start":{"line":29,"column":25},"end":{"line":29,"column":null}},{"start":{"line":30,"column":25},"end":{"line":30,"column":null}}],"line":29},"3":{"loc":{"start":{"line":35,"column":16},"end":{"line":35,"column":null}},"type":"cond-expr","locations":[{"start":{"line":35,"column":29},"end":{"line":35,"column":42}},{"start":{"line":35,"column":42},"end":{"line":35,"column":null}}],"line":35},"4":{"loc":{"start":{"line":41,"column":4},"end":{"line":55,"column":null}},"type":"if","locations":[{"start":{"line":41,"column":4},"end":{"line":55,"column":null}},{"start":{},"end":{}}],"line":41},"5":{"loc":{"start":{"line":41,"column":8},"end":{"line":41,"column":76}},"type":"binary-expr","locations":[{"start":{"line":41,"column":8},"end":{"line":41,"column":37}},{"start":{"line":41,"column":37},"end":{"line":41,"column":76}}],"line":41},"6":{"loc":{"start":{"line":44,"column":8},"end":{"line":44,"column":null}},"type":"if","locations":[{"start":{"line":44,"column":8},"end":{"line":44,"column":null}},{"start":{},"end":{}}],"line":44},"7":{"loc":{"start":{"line":52,"column":18},"end":{"line":52,"column":null}},"type":"cond-expr","locations":[{"start":{"line":52,"column":31},"end":{"line":52,"column":44}},{"start":{"line":52,"column":44},"end":{"line":52,"column":null}}],"line":52},"8":{"loc":{"start":{"line":70,"column":4},"end":{"line":72,"column":null}},"type":"if","locations":[{"start":{"line":70,"column":4},"end":{"line":72,"column":null}},{"start":{},"end":{}}],"line":70},"9":{"loc":{"start":{"line":80,"column":4},"end":{"line":85,"column":null}},"type":"if","locations":[{"start":{"line":80,"column":4},"end":{"line":85,"column":null}},{"start":{},"end":{}}],"line":80},"10":{"loc":{"start":{"line":88,"column":4},"end":{"line":97,"column":null}},"type":"if","locations":[{"start":{"line":88,"column":4},"end":{"line":97,"column":null}},{"start":{"line":95,"column":11},"end":{"line":97,"column":null}}],"line":88},"11":{"loc":{"start":{"line":101,"column":4},"end":{"line":111,"column":null}},"type":"if","locations":[{"start":{"line":101,"column":4},"end":{"line":111,"column":null}},{"start":{"line":107,"column":11},"end":{"line":111,"column":null}}],"line":101},"12":{"loc":{"start":{"line":118,"column":4},"end":{"line":118,"column":null}},"type":"if","locations":[{"start":{"line":118,"column":4},"end":{"line":118,"column":null}},{"start":{},"end":{}}],"line":118},"13":{"loc":{"start":{"line":121,"column":4},"end":{"line":132,"column":null}},"type":"if","locations":[{"start":{"line":121,"column":4},"end":{"line":132,"column":null}},{"start":{"line":129,"column":11},"end":{"line":132,"column":null}}],"line":121}},"s":{"0":0,"1":0,"2":0,"3":0,"4":0,"5":0,"6":0,"7":0,"8":0,"9":0,"10":0,"11":0,"12":0,"13":0,"14":0,"15":0,"16":0,"17":0,"18":0,"19":0,"20":0,"21":0,"22":0,"23":0,"24":0,"25":0,"26":0,"27":0,"28":0,"29":0,"30":0,"31":0,"32":0,"33":0,"34":0,"35":0,"36":0,"37":0,"38":0,"39":0,"40":0,"41":0,"42":0,"43":0,"44":0,"45":0,"46":0,"47":0,"48":0,"49":0,"50":0,"51":0,"52":0,"53":0,"54":0,"55":0},"f":{"0":1,"1":1,"2":0,"3":0,"4":1},"b":{"0":[0,0],"1":[0,0],"2":[0,0],"3":[0,0],"4":[0,0],"5":[0,0],"6":[0,0],"7":[0,0],"8":[0,0],"9":[0,0],"10":[0,0],"11":[0,0],"12":[0,0],"13":[0,0]},"meta":{"lastBranch":14,"lastFunction":5,"lastStatement":56,"seen":{"f:22:9:22:37":0,"s:23:17:23:Infinity":0,"s:24:52:24:Infinity":1,"s:27:19:27:Infinity":2,"b:28:4:37:Infinity:undefined:undefined:undefined:undefined":0,"s:28:4:37:Infinity":3,"b:28:8:28:33:28:33:28:68":1,"s:29:25:30:Infinity":4,"b:29:25:29:Infinity:30:25:30:Infinity":2,"s:32:6:36:Infinity":5,"b:35:29:35:42:35:42:35:Infinity":3,"s:40:23:40:Infinity":6,"b:41:4:55:Infinity:undefined:undefined:undefined:undefined":4,"s:41:4:55:Infinity":7,"b:41:8:41:37:41:37:41:76":5,"s:42:19:42:Infinity":8,"s:43:6:54:Infinity":9,"b:44:8:44:Infinity:undefined:undefined:undefined:undefined":6,"s:44:8:44:Infinity":10,"s:44:30:44:Infinity":11,"s:45:19:45:Infinity":12,"s:46:24:46:Infinity":13,"s:47:27:47:Infinity":14,"s:49:8:53:Infinity":15,"b:52:31:52:44:52:44:52:Infinity":7,"s:57:4:60:Infinity":16,"f:66:15:66:23":1,"s:67:20:67:Infinity":17,"s:68:19:68:Infinity":18,"f:68:35:68:40":2,"s:68:45:68:56":19,"b:70:4:72:Infinity:undefined:undefined:undefined:undefined":8,"s:70:4:72:Infinity":20,"s:71:6:71:Infinity":21,"s:74:25:74:Infinity":22,"s:75:22:75:Infinity":23,"s:77:4:77:Infinity":24,"b:80:4:85:Infinity:undefined:undefined:undefined:undefined":9,"s:80:4:85:Infinity":25,"s:81:6:81:Infinity":26,"s:82:6:84:Infinity":27,"f:82:44:82:50":3,"s:83:9:83:Infinity":28,"b:88:4:97:Infinity:95:11:97:Infinity":10,"s:88:4:97:Infinity":29,"s:89:6:89:Infinity":30,"s:90:6:94:Infinity":31,"s:91:8:91:Infinity":32,"s:93:8:93:Infinity":33,"s:96:6:96:Infinity":34,"b:101:4:111:Infinity:107:11:111:Infinity":11,"s:101:4:111:Infinity":35,"s:102:7:102:Infinity":36,"s:103:7:103:Infinity":37,"s:104:7:104:Infinity":38,"s:105:7:105:Infinity":39,"s:106:7:106:Infinity":40,"s:109:7:109:Infinity":41,"s:110:7:110:Infinity":42,"s:114:4:114:Infinity":43,"f:117:17:117:37":4,"b:118:4:118:Infinity:undefined:undefined:undefined:undefined":12,"s:118:4:118:Infinity":44,"s:118:29:118:Infinity":45,"s:120:18:120:Infinity":46,"b:121:4:132:Infinity:129:11:132:Infinity":13,"s:121:4:132:Infinity":47,"s:122:6:122:Infinity":48,"s:123:22:123:Infinity":49,"s:124:6:128:Infinity":50,"s:125:24:125:Infinity":51,"s:126:25:126:Infinity":52,"s:127:8:127:Infinity":53,"s:130:6:130:Infinity":54,"s:131:6:131:Infinity":55},"fnNames":{}}}
,"/root/LexHub/core/src/manager/module.ts": {"path":"/root/LexHub/core/src/manager/module.ts","statementMap":{"0":{"start":{"line":53,"column":36},"end":{"line":53,"column":null}},"1":{"start":{"line":56,"column":4},"end":{"line":56,"column":null}},"2":{"start":{"line":60,"column":4},"end":{"line":60,"column":null}},"3":{"start":{"line":64,"column":4},"end":{"line":66,"column":null}},"4":{"start":{"line":65,"column":6},"end":{"line":65,"column":null}},"5":{"start":{"line":67,"column":4},"end":{"line":67,"column":null}},"6":{"start":{"line":71,"column":4},"end":{"line":73,"column":null}},"7":{"start":{"line":72,"column":6},"end":{"line":72,"column":null}},"8":{"start":{"line":79,"column":21},"end":{"line":79,"column":null}},"9":{"start":{"line":80,"column":4},"end":{"line":80,"column":null}},"10":{"start":{"line":80,"column":34},"end":{"line":80,"column":null}},"11":{"start":{"line":81,"column":4},"end":{"line":87,"column":null}},"12":{"start":{"line":82,"column":18},"end":{"line":82,"column":null}},"13":{"start":{"line":83,"column":6},"end":{"line":83,"column":null}},"14":{"start":{"line":85,"column":6},"end":{"line":85,"column":null}},"15":{"start":{"line":86,"column":6},"end":{"line":86,"column":null}},"16":{"start":{"line":95,"column":21},"end":{"line":95,"column":null}},"17":{"start":{"line":96,"column":22},"end":{"line":96,"column":null}},"18":{"start":{"line":99,"column":4},"end":{"line":105,"column":null}},"19":{"start":{"line":100,"column":22},"end":{"line":100,"column":null}},"20":{"start":{"line":101,"column":22},"end":{"line":101,"column":null}},"21":{"start":{"line":102,"column":6},"end":{"line":104,"column":null}},"22":{"start":{"line":103,"column":8},"end":{"line":103,"column":null}},"23":{"start":{"line":108,"column":21},"end":{"line":108,"column":null}},"24":{"start":{"line":109,"column":4},"end":{"line":115,"column":null}},"25":{"start":{"line":110,"column":6},"end":{"line":114,"column":null}},"26":{"start":{"line":111,"column":8},"end":{"line":113,"column":null}},"27":{"start":{"line":112,"column":10},"end":{"line":112,"column":null}},"28":{"start":{"line":117,"column":4},"end":{"line":117,"column":null}},"29":{"start":{"line":124,"column":26},"end":{"line":124,"column":null}},"30":{"start":{"line":125,"column":4},"end":{"line":127,"column":null}},"31":{"start":{"line":126,"column":6},"end":{"line":126,"column":null}},"32":{"start":{"line":129,"column":21},"end":{"line":129,"column":null}},"33":{"start":{"line":130,"column":4},"end":{"line":135,"column":null}},"34":{"start":{"line":131,"column":27},"end":{"line":131,"column":null}},"35":{"start":{"line":132,"column":6},"end":{"line":134,"column":null}},"36":{"start":{"line":133,"column":8},"end":{"line":133,"column":null}},"37":{"start":{"line":137,"column":19},"end":{"line":137,"column":null}},"38":{"start":{"line":138,"column":4},"end":{"line":143,"column":null}},"39":{"start":{"line":139,"column":25},"end":{"line":139,"column":null}},"40":{"start":{"line":140,"column":6},"end":{"line":142,"column":null}},"41":{"start":{"line":141,"column":8},"end":{"line":141,"column":null}},"42":{"start":{"line":150,"column":4},"end":{"line":150,"column":null}},"43":{"start":{"line":150,"column":37},"end":{"line":150,"column":null}},"44":{"start":{"line":151,"column":17},"end":{"line":151,"column":null}},"45":{"start":{"line":152,"column":34},"end":{"line":152,"column":null}},"46":{"start":{"line":154,"column":4},"end":{"line":163,"column":null}},"47":{"start":{"line":155,"column":6},"end":{"line":155,"column":null}},"48":{"start":{"line":155,"column":33},"end":{"line":155,"column":null}},"49":{"start":{"line":156,"column":6},"end":{"line":156,"column":null}},"50":{"start":{"line":156,"column":40},"end":{"line":156,"column":null}},"51":{"start":{"line":157,"column":24},"end":{"line":157,"column":null}},"52":{"start":{"line":158,"column":19},"end":{"line":158,"column":null}},"53":{"start":{"line":159,"column":6},"end":{"line":159,"column":null}},"54":{"start":{"line":159,"column":17},"end":{"line":159,"column":null}},"55":{"start":{"line":161,"column":21},"end":{"line":161,"column":null}},"56":{"start":{"line":162,"column":6},"end":{"line":162,"column":null}},"57":{"start":{"line":165,"column":4},"end":{"line":165,"column":null}},"58":{"start":{"line":172,"column":22},"end":{"line":172,"column":null}},"59":{"start":{"line":173,"column":17},"end":{"line":173,"column":null}},"60":{"start":{"line":174,"column":4},"end":{"line":174,"column":null}},"61":{"start":{"line":174,"column":15},"end":{"line":174,"column":null}},"62":{"start":{"line":175,"column":19},"end":{"line":175,"column":null}},"63":{"start":{"line":176,"column":4},"end":{"line":176,"column":null}},"64":{"start":{"line":184,"column":19},"end":{"line":184,"column":null}},"65":{"start":{"line":185,"column":26},"end":{"line":185,"column":null}},"66":{"start":{"line":186,"column":22},"end":{"line":186,"column":null}},"67":{"start":{"line":187,"column":17},"end":{"line":187,"column":null}},"68":{"start":{"line":188,"column":4},"end":{"line":192,"column":null}},"69":{"start":{"line":189,"column":6},"end":{"line":189,"column":null}},"70":{"start":{"line":190,"column":11},"end":{"line":192,"column":null}},"71":{"start":{"line":191,"column":6},"end":{"line":191,"column":null}},"72":{"start":{"line":194,"column":4},"end":{"line":202,"column":null}},"73":{"start":{"line":206,"column":17},"end":{"line":206,"column":null}},"74":{"start":{"line":208,"column":22},"end":{"line":208,"column":null}},"75":{"start":{"line":209,"column":4},"end":{"line":212,"column":null}},"76":{"start":{"line":210,"column":6},"end":{"line":210,"column":null}},"77":{"start":{"line":210,"column":41},"end":{"line":210,"column":null}},"78":{"start":{"line":211,"column":6},"end":{"line":211,"column":null}},"79":{"start":{"line":211,"column":33},"end":{"line":211,"column":57}},"80":{"start":{"line":211,"column":60},"end":{"line":211,"column":null}},"81":{"start":{"line":214,"column":4},"end":{"line":225,"column":null}},"82":{"start":{"line":215,"column":23},"end":{"line":215,"column":null}},"83":{"start":{"line":216,"column":23},"end":{"line":216,"column":null}},"84":{"start":{"line":217,"column":18},"end":{"line":217,"column":null}},"85":{"start":{"line":218,"column":6},"end":{"line":224,"column":null}},"86":{"start":{"line":219,"column":29},"end":{"line":219,"column":null}},"87":{"start":{"line":220,"column":8},"end":{"line":223,"column":null}},"88":{"start":{"line":221,"column":10},"end":{"line":221,"column":null}},"89":{"start":{"line":221,"column":45},"end":{"line":221,"column":null}},"90":{"start":{"line":222,"column":10},"end":{"line":222,"column":null}},"91":{"start":{"line":222,"column":37},"end":{"line":222,"column":61}},"92":{"start":{"line":222,"column":64},"end":{"line":222,"column":null}},"93":{"start":{"line":227,"column":27},"end":{"line":227,"column":null}},"94":{"start":{"line":228,"column":4},"end":{"line":236,"column":null}},"95":{"start":{"line":229,"column":6},"end":{"line":235,"column":null}},"96":{"start":{"line":230,"column":29},"end":{"line":230,"column":null}},"97":{"start":{"line":231,"column":8},"end":{"line":234,"column":null}},"98":{"start":{"line":232,"column":10},"end":{"line":232,"column":null}},"99":{"start":{"line":232,"column":45},"end":{"line":232,"column":null}},"100":{"start":{"line":233,"column":10},"end":{"line":233,"column":null}},"101":{"start":{"line":233,"column":37},"end":{"line":233,"column":61}},"102":{"start":{"line":233,"column":64},"end":{"line":233,"column":null}},"103":{"start":{"line":238,"column":4},"end":{"line":238,"column":null}},"104":{"start":{"line":244,"column":59},"end":{"line":244,"column":null}},"105":{"start":{"line":245,"column":4},"end":{"line":249,"column":null}},"106":{"start":{"line":246,"column":6},"end":{"line":248,"column":null}},"107":{"start":{"line":247,"column":8},"end":{"line":247,"column":null}},"108":{"start":{"line":250,"column":4},"end":{"line":250,"column":null}},"109":{"start":{"line":259,"column":4},"end":{"line":261,"column":null}},"110":{"start":{"line":260,"column":6},"end":{"line":260,"column":null}},"111":{"start":{"line":262,"column":4},"end":{"line":262,"column":null}},"112":{"start":{"line":264,"column":4},"end":{"line":414,"column":null}},"113":{"start":{"line":265,"column":24},"end":{"line":265,"column":null}},"114":{"start":{"line":268,"column":6},"end":{"line":367,"column":null}},"115":{"start":{"line":269,"column":8},"end":{"line":269,"column":null}},"116":{"start":{"line":270,"column":8},"end":{"line":270,"column":null}},"117":{"start":{"line":271,"column":8},"end":{"line":366,"column":null}},"118":{"start":{"line":272,"column":54},"end":{"line":272,"column":null}},"119":{"start":{"line":275,"column":10},"end":{"line":287,"column":null}},"120":{"start":{"line":276,"column":29},"end":{"line":276,"column":null}},"121":{"start":{"line":277,"column":29},"end":{"line":277,"column":null}},"122":{"start":{"line":278,"column":24},"end":{"line":278,"column":null}},"123":{"start":{"line":279,"column":12},"end":{"line":284,"column":null}},"124":{"start":{"line":280,"column":27},"end":{"line":280,"column":null}},"125":{"start":{"line":281,"column":14},"end":{"line":281,"column":null}},"126":{"start":{"line":283,"column":14},"end":{"line":283,"column":null}},"127":{"start":{"line":286,"column":12},"end":{"line":286,"column":null}},"128":{"start":{"line":290,"column":10},"end":{"line":302,"column":null}},"129":{"start":{"line":291,"column":35},"end":{"line":295,"column":null}},"130":{"start":{"line":296,"column":12},"end":{"line":301,"column":null}},"131":{"start":{"line":297,"column":14},"end":{"line":297,"column":null}},"132":{"start":{"line":298,"column":14},"end":{"line":298,"column":null}},"133":{"start":{"line":300,"column":14},"end":{"line":300,"column":null}},"134":{"start":{"line":304,"column":29},"end":{"line":304,"column":null}},"135":{"start":{"line":304,"column":52},"end":{"line":304,"column":63}},"136":{"start":{"line":305,"column":10},"end":{"line":307,"column":null}},"137":{"start":{"line":306,"column":12},"end":{"line":306,"column":null}},"138":{"start":{"line":310,"column":10},"end":{"line":310,"column":null}},"139":{"start":{"line":313,"column":27},"end":{"line":313,"column":null}},"140":{"start":{"line":314,"column":10},"end":{"line":322,"column":null}},"141":{"start":{"line":315,"column":33},"end":{"line":315,"column":null}},"142":{"start":{"line":316,"column":12},"end":{"line":321,"column":null}},"143":{"start":{"line":317,"column":14},"end":{"line":317,"column":null}},"144":{"start":{"line":318,"column":14},"end":{"line":318,"column":null}},"145":{"start":{"line":320,"column":14},"end":{"line":320,"column":null}},"146":{"start":{"line":325,"column":25},"end":{"line":325,"column":null}},"147":{"start":{"line":326,"column":10},"end":{"line":357,"column":null}},"148":{"start":{"line":327,"column":31},"end":{"line":327,"column":null}},"149":{"start":{"line":328,"column":12},"end":{"line":356,"column":null}},"150":{"start":{"line":329,"column":14},"end":{"line":329,"column":null}},"151":{"start":{"line":330,"column":14},"end":{"line":330,"column":null}},"152":{"start":{"line":333,"column":14},"end":{"line":355,"column":null}},"153":{"sta
[...]
[1,1],"3":[1,0],"4":[1,1],"5":[1,1,0],"6":[0,1],"7":[0,0],"8":[0,0],"9":[0,0],"10":[0,0],"11":[0,0],"12":[1,0],"13":[1,1],"14":[0,1],"15":[1,0],"16":[1,1,1],"17":[0,1],"18":[0,0],"19":[1,0],"20":[0,1],"21":[1,1],"22":[0,0],"23":[0,0],"24":[0,0],"25":[0,0],"26":[0,0],"27":[0,0],"28":[0,0],"29":[0,0],"30":[0,0],"31":[0,0],"32":[0,0],"33":[0,0],"34":[0,0],"35":[0,0],"36":[0,0],"37":[0,0],"38":[0,0],"39":[0,0],"40":[0,0],"41":[0,0],"42":[0,0],"43":[0,0],"44":[0,0],"45":[0,0],"46":[0,0],"47":[0,0],"48":[0,0],"49":[0,0],"50":[0,0],"51":[0],"52":[0],"53":[0,0],"54":[0,0],"55":[0],"56":[0,0],"57":[0,0],"58":[0,0],"59":[0,0],"60":[0,0],"61":[0,0],"62":[0,0],"63":[0,0],"64":[0,0],"65":[0,0],"66":[0,0],"67":[0,0],"68":[0,0],"69":[0,0],"70":[0,0],"71":[0,0],"72":[0,0],"73":[0,0],"74":[0,0],"75":[0,0],"76":[0,0],"77":[0,0],"78":[0,0],"79":[0,0],"80":[0,0],"81":[0,0],"82":[0,0],"83":[0,0],"84":[0,0],"85":[0,0],"86":[0,0],"87":[0,0],"88":[0,0],"89":[0,0],"90":[0,0],"91":[0,0],"92":[0,0],"93":[0,0],"94":[0,0]},"meta":{"lastBranch":95,"lastFunction":74,"lastStatement":473,"seen":{"f:14:9:14:22":0,"s:15:2:15:Infinity":0,"f:18:9:18:21":1,"s:19:18:19:Infinity":1,"s:20:2:20:Infinity":2,"b:20:63:20:75:20:75:20:90":0,"s:21:2:25:Infinity":3,"f:29:22:29:37":2,"s:31:2:92:Infinity":4,"f:31:32:31:39":3,"s:32:19:32:Infinity":5,"b:33:4:36:Infinity:undefined:undefined:undefined:undefined":1,"s:33:4:36:Infinity":6,"b:33:8:33:21:33:21:33:58":2,"s:34:6:34:Infinity":7,"s:35:6:35:Infinity":8,"b:39:4:79:Infinity:undefined:undefined:undefined:undefined":3,"s:39:4:79:Infinity":9,"b:39:8:39:21:39:21:39:43":4,"s:40:18:40:Infinity":10,"s:41:35:50:Infinity":11,"s:52:27:53:Infinity":12,"b:52:27:52:Infinity:53:28:53:55:53:55:53:Infinity":5,"f:52:48:52:53":4,"s:52:59:52:75":13,"b:55:6:78:Infinity:undefined:undefined:undefined:undefined":6,"s:55:6:78:Infinity":14,"b:56:8:60:Infinity:undefined:undefined:undefined:undefined":7,"s:56:8:60:Infinity":15,"s:57:21:57:Infinity":16,"s:58:10:58:Infinity":17,"s:59:10:59:Infinity":18,"s:63:17:63:Infinity":19,"b:64:8:69:Infinity:66:15:69:Infinity":8,"s:64:8:69:Infinity":20,"s:65:10:65:Infinity":21,"b:65:43:65:63:65:63:65:Infinity":9,"s:67:24:67:Infinity":22,"s:68:10:68:Infinity":23,"b:68:15:68:42:68:42:68:Infinity":10,"s:72:8:77:Infinity":24,"s:73:10:73:Infinity":25,"s:75:10:75:Infinity":26,"b:75:40:75:59:75:59:75:69":11,"s:76:10:76:Infinity":27,"b:81:4:91:Infinity:undefined:undefined:undefined:undefined":12,"s:81:4:91:Infinity":28,"b:81:8:81:39:81:39:81:74":13,"s:82:23:82:Infinity":29,"b:83:6:90:Infinity:undefined:undefined:undefined:undefined":14,"s:83:6:90:Infinity":30,"s:84:8:89:Infinity":31,"s:85:10:85:Infinity":32,"s:87:10:87:Infinity":33,"s:88:10:88:Infinity":34,"s:95:2:111:Infinity":35,"f:95:28:95:35":5,"s:96:19:96:Infinity":36,"b:97:4:109:Infinity:undefined:undefined:undefined:undefined":15,"s:97:4:109:Infinity":37,"b:97:8:97:21:97:21:97:49:97:49:97:71":16,"s:98:18:98:Infinity":38,"s:99:15:99:Infinity":39,"b:100:6:105:Infinity:102:13:105:Infinity":17,"s:100:6:105:Infinity":40,"s:101:8:101:Infinity":41,"b:101:41:101:61:101:61:101:Infinity":18,"s:103:22:103:Infinity":42,"s:104:8:104:Infinity":43,"b:104:13:104:40:104:40:104:Infinity":19,"b:106:6:108:Infinity:undefined:undefined:undefined:undefined":20,"s:106:6:108:Infinity":44,"b:106:10:106:16:106:16:106:69":21,"s:107:8:107:Infinity":45,"s:110:4:110:Infinity":46,"s:115:2:118:Infinity":47,"f:115:34:115:41":6,"s:116:21:116:Infinity":48,"s:117:4:117:Infinity":49,"s:120:2:137:Infinity":50,"f:120:34:120:41":7,"s:121:25:121:Infinity":51,"b:122:4:122:Infinity:undefined:undefined:undefined:undefined":22,"s:122:4:122:Infinity":52,"s:122:19:122:Infinity":53,"s:124:21:124:Infinity":54,"b:125:4:125:Infinity:undefined:undefined:undefined:undefined":23,"s:125:4:125:Infinity":55,"s:125:36:125:Infinity":56,"s:127:4:127:Infinity":57,"s:128:18:128:Infinity":58,"s:129:4:135:Infinity":59,"b:130:14:130:46:130:46:130:Infinity":24,"s:136:4:136:Infinity":60,"s:139:2:157:Infinity":61,"f:139:34:139:41":8,"s:140:25:140:Infinity":62,"s:141:21:141:Infinity":63,"b:143:4:143:Infinity:undefined:undefined:undefined:undefined":25,"s:143:4:143:Infinity":64,"s:143:37:143:Infinity":65,"b:145:4:155:Infinity:undefined:undefined:undefined:undefined":26,"s:145:4:155:Infinity":66,"b:145:21:145:33:145:33:145:35":27,"s:146:20:146:Infinity":67,"s:147:6:153:Infinity":68,"b:148:16:148:48:148:48:148:Infinity":28,"s:154:6:154:Infinity":69,"s:156:4:156:Infinity":70,"s:159:2:163:Infinity":71,"f:159:35:159:42":9,"s:160:21:160:Infinity":72,"s:161:4:161:Infinity":73,"b:161:47:161:79:161:79:161:90":29,"s:162:4:162:Infinity":74,"s:167:2:169:Infinity":75,"f:167:34:167:41":10,"s:168:4:168:Infinity":76,"s:171:2:179:Infinity":77,"f:171:42:171:49":11,"s:172:4:178:Infinity":78,"s:173:18:173:Infinity":79,"s:174:6:174:Infinity":80,"s:176:6:176:Infinity":81,"s:177:6:177:Infinity":82,"s:181:2:190:Infinity":83,"f:181:50:181:57":12,"s:182:19:182:Infinity":84,"s:183:4:189:Infinity":85,"s:184:6:184:Infinity":86,"s:185:6:185:Infinity":87,"s:187:6:187:Infinity":88,"s:188:6:188:Infinity":89,"s:192:2:194:Infinity":90,"f:192:38:192:45":13,"s:193:4:193:Infinity":91,"s:196:2:200:Infinity":92,"f:196:40:196:47":14,"s:197:17:197:Infinity":93,"s:198:20:198:Infinity":94,"s:199:4:199:Infinity":95,"s:202:2:211:Infinity":96,"f:202:39:202:46":15,"s:203:4:210:Infinity":97,"s:204:20:204:Infinity":98,"b:204:84:204:95:204:95:204:99":30,"s:205:12:205:Infinity":99,"s:206:12:206:Infinity":100,"b:206:19:206:33:206:33:206:35":31,"s:207:6:207:Infinity":101,"s:209:6:209:Infinity":102,"s:213:2:232:Infinity":103,"f:213:40:213:47":16,"s:214:24:214:Infinity":104,"s:215:4:231:Infinity":105,"s:216:20:216:Infinity":106,"b:216:84:216:95:216:95:216:99":32,"b:218:6:228:Infinity:225:13:228:Infinity":33,"s:218:6:228:Infinity":107,"s:219:8:219:Infinity":108,"s:220:22:220:Infinity":109,"b:221:8:223:Infinity:undefined:undefined:undefined:undefined":34,"s:221:8:223:Infinity":110,"s:222:11:222:Infinity":111,"s:224:8:224:Infinity":112,"s:226:8:226:Infinity":113,"s:227:8:227:Infinity":114,"s:230:6:230:Infinity":115,"s:236:2:239:Infinity":116,"f:236:30:236:37":17,"s:237:20:237:Infinity":117,"s:238:4:238:Infinity":118,"s:243:2:248:Infinity":119,"f:243:34:243:41":18,"s:244:19:244:Infinity":120,"s:245:16:245:Infinity":121,"b:246:4:246:Infinity:undefined:undefined:undefined:undefined":35,"s:246:4:246:Infinity":122,"s:246:14:246:Infinity":123,"s:247:4:247:Infinity":124,"s:252:2:258:Infinity":125,"f:252:43:252:50":19,"s:253:19:253:Infinity":126,"s:254:4:254:Infinity":127,"s:255:4:257:Infinity":128,"f:255:36:255:43":20,"s:256:6:256:Infinity":129,"s:262:2:271:Infinity":130,"f:262:41:262:48":21,"s:263:19:263:Infinity":131,"s:264:4:270:Infinity":132,"s:265:6:265:Infinity":133,"s:266:6:266:Infinity":134,"s:268:6:268:Infinity":135,"s:269:6:269:Infinity":136,"s:275:2:283:Infinity":137,"f:275:40:275:47":22,"s:276:19:276:Infinity":138,"s:277:4:282:Infinity":139,"s:278:6:278:Infinity":140,"s:279:6:279:Infinity":141,"s:281:6:281:Infinity":142,"s:287:2:307:Infinity":143,"f:287:42:287:49":23,"s:288:19:288:Infinity":144,"s:289:17:289:Infinity":145,"s:291:19:291:Infinity":146,"s:292:20:292:Infinity":147,"s:294:4:294:Infinity":148,"s:296:20:296:Infinity":149,"b:297:4:304:Infinity:undefined:undefined:undefined:undefined":36,"s:297:4:304:Infinity":150,"b:297:8:297:19:297:19:297:40":37,"s:299:6:303:Infinity":151,"f:299:83:299:94":24,"s:300:8:300:Infinity":152,"f:301:9:301:15":25,"s:302:8:302:Infinity":153,"s:306:4:306:Infinity":154,"s:311:2:321:Infinity":155,"f:311:42:311:49":26,"s:312:19:312:Infinity":156,"s:313:16:313:Infinity":157,"b:314:4:314:Infinity:undefined:undefined:undefined:undefined":38,"s:314:4:314:Infinity":158,"s:314:14:314:Infinity":159,"s:316:4:316:Infinity":160,"s:318:4:320:Infinity":161,"f:318:46:318:53":27,"s:319:6:319:Infinity":162,"s:325:2:333:Infinity":163,"f:325:43:325:50":28,"s:326:19:326:Infinity":164,"s:327:4:332:Infinity":165,"s:328:21:328:Infinity":166,"s:329:6:329:Infinity":167,"s:331:6:331:Infinity":168,"s:335:2:344:Infinity":169,"f:335:44:335:51":29,"s:336:19:336:Infinity":170,"s:337:24:337:Infinity":171,"b:338:4:338:Infinity:undefined:undefined:undefined:undefined":39,"s:338:4:338:Infinity":172,"s:338:18:338:Infinity":173,"s:340:4:340:Infinity":174,"s:341:4:343:Infinity":175,"f:341:57:341:64":30,"s:342:6:342:Infinity":176,"s:346:2:355:Infinity":177,"f:346:43:346:50":31,"s:347:19:347:Infinity":178,"s:348:24:348:Infinity":179,"b:349:4:349:Infinity:undefined:undefined:undefined:undefined":40,"s:349:4:349:Infinity":180,"s:349:18:349:Infinity":181,"s:351:4:351:Infinity":182,"s:352:4:354:Infinity":183,"f:352:62:352:69":32,"s:353:6:353:Infinity":184,"s:357:2:363:Infinity":185,"f:357:42:357:49":33,"s:358:19:358:Infinity":186,"s:359:4:359:Infinity":187,"s:360:4:362:Infinity":188,"f:360:46:360:53":34,"s:361:6:361:Infinity":189,"s:367:2:384:Infinity":190,"f:367:45:367:52":35,"s:368:19:368:Infinity":191,"s:369:4:383:Infinity":192,"s:370:21:370:Infinity":193,"s:372:23:372:Infinity":194,"s:373:19:373:Infinity":195,"b:374:6:379:Infinity:undefined:undefined:undefined:undefined":41,"s:374:6:379:Infinity":196,"s:375:8:378:Infinity":197,"s:376:22:376:Infinity":198,"s:377:10:377:Infinity":199,"b:377:19:377:44:377:44:377:Infinity":42,"s:380:6:380:Infinity":200,"s:382:6:382:Infinity":201,"s:386:2:395:Infinity":202,"f:386:47:386:54":36,"s:387:19:387:Infinity":203,"s:388:17:388:Infinity":204,"s:389:4:394:Infinity":205,"s:390:6:390:Infinity":206,"s:391:6:391:Infinity":207,"s:393:6:393:Infinity":208,"s:397:2:405:Infinity":209,"f:397:52:397:59":37,"s:398:19:398:Infinity":210,"s:399:4:404:Infinity":211,"s:400:6:400:Infinity":212,"s:401:6:401:Infinity":213,"s:403:6:403:Infinity":214,"s:407:2:417:Infinity":215,"f:407:50:407:57":38,"s:408:19:408:Infinity":216,"s:409:35:409:Infinity":217,"b:410:4:410:Infinity:undefined:undefined:undefined:undefined":43,"s:410:4:410:Infinity":218,"s:410:19:410:Infinity":219,"s:411:4:416:Infinity":220,"s:412:6:412:Infinity":221,"s:413:6:413:Infinity":222,"s:415:6:415:Infinity":223,"s:421:2:427:Infinity":224,"f:421:42:421:49":39,"s:422:19:422:Infinity":225,"s:423:4:423:Infinity":226,"s:424:4:426:Infinity":227,"f:424:46:424:53":40,"s:425:6:425:Infinity":228,"s:429:2:437:Infinity":229,"f:429:42:429:49":41,"s:430:19:430:Infinity":230,"s:431:4:436:Infinity":231,"s:432:21:432:Infinity":232,"s:433:6:433:Infinity":233,"s:435:6:435:Infinity":234,"s:439:2:468:Infinity":235,"f:439:43:439:50":42,"s:440:19:440:Infinity":236,"s:441:27:441:Infinity":237,"b:442:4:442:Infinity:undefined:undefined:undefined:undefined":44,"s:442:4:442:Infinity":238,"s:442:21:442:Infinity":239,"s:445:15:445:Infinity":240,"s:446:20:446:Infinity":241,"s:447:25:452:Infinity":242,"s:453:21:453:Infinity":243,"s:455:18:455:Infinity":244,"s:456:22:458:Infinity":245,"f:456:35:456:40":43,"s:457:6:457:Infinity":246,"b:457:14:457:70:457:70:457:Infinity":45,"b:460:4:462:Infinity:undefined:undefined:undefined:undefined":46,"s:460:4:462:Infinity":247,"s:461:6:461:Infinity":248,"s:464:4:464:Infinity":249,"s:465:4:467:Infinity":250,"f:465:59:465:66":44,"s:466:6:466:Infinity":251,"s:472:2:480:Infinity":252,"f:472:42:472:49":45,"s:473:19:473:Infinity":253,"s:474:4:479:Infinity":254,"s:475:21:475:Infinity":255,"s:476:6:476:Infinity":256,"s:478:6:478:Infinity":257,"s:482:2:492:Infinity":258,"f:482:61:482:68":46,"s:483:29:483:Infinity":259,"b:485:4:487:Infinity:undefined:undefined:undefined:undefined":47,"s:485:4:487:Infinity":260,"s:486:6:486:Infinity":261,"s:488:4:488:Infinity":262,"s:489:4:491:Infinity":263,"f:489:63:489:70":47,"s:490:6:490:Infinity":264,"s:494:2:505:Infinity":265,"f:494:55:494:62":48,"s:495:29:495:Infinity":266,"b:496:4:498:Infinity:undefined:undefined:undefined:undefined":48,"s:496:4:498:Infinity":267,"s:497:6:497:Infinity":268,"s:499:4:504:Infinity":269,"s:500:6:500:Infinity":270,"s:501:6:501:Infinity":271,"s:503:6:503:Infinity":272,"s:507:2:515:Infinity":273,"f:507:49:507:56":49,"s:508:19:508:Infinity":274,"s:509:4:514:Infinity":275,"s:510:6:510:Infinity":276,"s:511:6:511:Infinity":277,"s:513:6:513:Infinity":278,"s:519:2:529:Infinity":279,"f:519:48:519:55":50,"s:520:27:520:Infinity":280,"s:521:17:521:Infinity":281,"s:522:4:528:Infinity":282,"s:523:19:523:Infinity":283,"b:523:41:523:49:523:49:523:Infinity":49,"b:523:56:523:65:523:65:523:Infinity":50,"s:524:21:524:Infinity":284,"s:525:6:525:Infinity":285,"s:527:6:527:Infinity":286,"s:533:2:541:Infinity":287,"f:533:37:533:44":51,"s:534:19:534:Infinity":288,"s:535:4:540:Infinity":289,"s:536:6:536:Infinity":290,"s:537:6:537:Infinity":291,"s:539:6:539:Infinity":292,"s:545:2:556:Infinity":293,"f:545:39:545:46":52,"s:546:19:546:Infinity":294,"s:547:47:547:Infinity":295,"b:547:19:547:29":51,"b:547:37:547:47":52,"s:551:22:551:Infinity":296,"b:551:31:551:54:551:54:551:59":53,"s:552:21:552:Infinity":297,"s:553:21:553:Infinity":298,"b:553:41:553:59:553:59:553:Infinity":54,"s:554:20:554:Infinity":299,"s:555:4:555:Infinity":300,"s:560:2:566:Infinity":301,"f:560:34:560:41":53,"s:561:30:561:Infinity":302,"b:561:20:561:30":55,"s:562:22:562:Infinity":303,"b:562:31:562:54:562:54:562:59":56,"s:563:20:563:Infinity":304,"s:564:20:564:Infinity":305,"s:565:4:565:Infinity":306,"s:570:2:572:Infinity":307,"f:570:37:570:44":54,"s:571:4:571:Infinity":308,"s:574:2:577:Infinity":309,"f:574:45:574:52":55,"s:575:4:575:Infinity":310,"s:576:4:576:Infinity":311,"s:581:2:584:Infinity":312,"f:581:37:581:44":56,"s:582:21:582:Infinity":313,"s:583:4:583:Infinity":314,"b:583:22:583:48:583:48:583:50":57,"s:586:2:613:Infinity":315,"f:586:38:586:45":57,"s:587:36:587:Infinity":316,"b:588:4:588:Infinity:undefined:undefined:undefined:undefined":58,"s:588:4:588:Infinity":317,"b:588:8:588:21:588:21:588:33":59,"s:588:33:588:Infinity":318,"s:590:4:612:Infinity":319,"s:591:23:591:Infinity":320,"s:592:22:592:Infinity":321,"b:592:22:592:48:592:48:592:Infinity":60,"s:593:23:593:Infinity":322,"f:593:31:593:41":58,"s:593:46:593:69":323,"b:594:6:598:Infinity:596:13:598:Infinity":61,"s:594:6:598:Infinity":324,"s:595:8:595:Infinity":325,"s:597:8:597:Infinity":326,"s:600:6:600:Infinity":327,"s:603:6:607:Infinity":328,"s:604:8:604:Infinity":329,"s:606:8:606:Infinity":330,"s:609:6:609:Infinity":331,"s:611:6:611:Infinity":332,"s:615:2:627:Infinity":333,"f:615:50:615:57":59,"s:616:25:616:Infinity":334,"s:617:4:626:Infinity":335,"s:618:23:618:Infinity":336,"b:619:6:622:Infinity:undefined:undefined:undefined:undefined":62,"s:619:6:622:Infinity":337,"s:620:25:620:Infinity":338,"f:620:48:620:55":60,"s:620:60:620:83":339,"s:621:8:621:Infinity":340,"s:623:6:623:Infinity":341,"s:625:6:625:Infinity":342,"s:631:2:679:Infinity":343,"f:631:38:631:45":61,"s:632:28:632:Infinity":344,"s:634:4:678:Infinity":345,"b:635:6:674:Infinity:639:13:674:Infinity":63,"s:635:6:674:Infinity":346,"s:636:26:636:Infinity":347,"b:636:26:636:33:636:33:636:Infinity":64,"s:637:8:637:Infinity":348,"s:638:8:638:Infinity":349,"b:639:13:674:Infinity:643:13:674:Infinity":65,"s:639:13:674:Infinity":350,"s:640:26:640:Infinity":351,"b:640:26:640:33:640:33:640:Infinity":66,"s:641:8:641:Infinity":352,"s:642:8:642:Infinity":353,"b:643:13:674:Infinity:668:13:674:Infinity":67,"s:643:13:674:Infinity":354,"s:644:25:644:Infinity":355,"b:645:8:667:Infinity:663:15:667:Infinity":68,"s:645:8:667:Infinity":356,"s:646:30:646:Infinity":357,"b:646:40:646:62:646:62:646:97":69,"b:647:10:662:Infinity:660:17:662:Infinity":70,"s:647:10:662:Infinity":358,"s:648:26:648:Infinity":359,"s:649:25:649:Infinity":360,"b:650:12:655:Infinity:651:17:655:Infinity":71,"s:650:12:655:Infinity":361,"s:650:36:650:Infinity":362,"b:651:17:655:Infinity:652:17:655:Infinity":72,"s:651:17:655:Infinity":363,"s:651:39:651:Infinity":364,"b:652:17:655:Infinity:653:17:655:Infinity":73,"s:652:17:655:Infinity":365,"s:652:37:652:Infinity":366,"b:653:17:655:Infinity:654:17:655:Infinity":74,"s:653:17:655:Infinity":367,"s:653:37:653:Infinity":368,"b:654:17:655:Infinity:655:17:655:Infinity":75,"s:654:17:655:Infinity":369,"s:654:40:654:Infinity":370,"b:655:17:655:Infinity:undefined:undefined:undefined:undefined":76,"s:655:17:655:Infinity":371,"b:655:21:655:28:655:28:655:47":77,"s:655:47:655:Infinity":372,"s:657:12:657:Infinity":373,"s:658:12:658:Infinity":374,"s:659:12:659:Infinity":375,"s:661:12:661:Infinity":376,"b:663:15:667:Infinity:665:15:667:Infinity":78,"s:663:15:667:Infinity":377,"s:664:10:664:Infinity":378,"s:666:10:666:Infinity":379,"b:668:13:674:Infinity:undefined:undefined:undefined:undefined":79,"s:668:13:674:Infinity":380,"s:669:8:669:Infinity":381,"s:669:14:669:84":382,"s:670:8:670:Infinity":383,"s:670:14:670:85":384,"s:671:8:671:Infinity":385,"s:671:14:671:69":386,"s:672:8:672:Infinity":387,"s:672:14:672:76":388,"s:673:8:673:Infinity":389,"s:675:6:675:Infinity":390,"s:677:6:677:Infinity":391,"s:681:2:797:Infinity":392,"f:681:36:681:43":62,"s:682:4:796:Infinity":393,"s:683:23:683:Infinity":394,"s:684:23:684:Infinity":395,"s:685:24:685:Infinity":396,"s:687:6:694:Infinity":397,"s:688:20:688:Infinity":398,"b:689:8:691:Infinity:undefined:undefined:undefined:undefined":80,"s:689:8:691:Infinity":399,"s:690:10:690:Infinity":400,"s:693:8:693:Infinity":401,"b:696:6:703:Infinity:undefined:undefined:undefined:undefined":81,"s:696:6:703:Infinity":402,"b:696:10:696:19:696:19:696:38":82,"s:698:29:698:Infinity":403,"b:699:8:702:Infinity:undefined:undefined:undefined:undefined":83,"s:699:8:702:Infinity":404,"s:700:31:700:Infinity":405,"s:701:10:701:Infinity":406,"b:705:6:722:Infinity:undefined:undefined:undefined:undefined":84,"s:705:6:722:Infinity":407,"b:705:10:705:19:705:19:705:38":85,"s:707:8:707:Infinity":408,"s:708:8:721:Infinity":409,"b:725:6:738:Infinity:undefined:undefined:undefined:undefined":86,"s:725:6:738:Infinity":410,"f:725:16:725:21":63,"s:725:26:725:47":411,"s:726:8:737:Infinity":412,"s:741:23:741:Infinity":413,"f:741:28:741:38":64,"s:741:43:741:59":414,"s:742:24:753:Infinity":415,"b:754:6:758:Infinity:756:13:758:Infinity":87,"s:754:6:758:Infinity":416,"s:755:8:755:Infinity":417,"s:757:8:757:Infinity":418,"b:761:6:774:Infinity:undefined:undefined:undefined:undefined":88,"s:761:6:774:Infinity":419,"f:761:16:761:21":65,"s:761:26:761:48":420,"s:762:8:773:Infinity":421,"b:777:6:790:Infinity:undefined:undefined:undefined:undefined":89,"s:777:6:790:Infinity":422,"f:777:16:777:21":66,"s:777:26:777:45":423,"s:778:8:789:Infinity":424,"s:792:6:792:Infinity":425,"s:794:6:794:Infinity":426,"s:795:6:795:Infinity":427,"s:801:2:807:Infinity":428,"f:801:40:801:47":67,"s:802:4:806:Infinity":429,"s:803:6:803:Infinity":430,"s:805:6:805:Infinity":431,"s:809:2:816:Infinity":432,"f:809:42:809:49":68,"s:810:4:815:Infinity":433,"s:811:6:811:Infinity":434,"s:812:6:812:Infinity":435,"s:814:6:814:Infinity":436,"s:818:2:829:Infinity":437,"f:818:39:818:46":69,"s:819:27:819:Infinity":438,"b:820:4:822:Infinity:undefined:undefined:undefined:undefined":90,"s:820:4:822:Infinity":439,"b:820:8:820:17:820:17:820:24":91,"s:821:6:821:Infinity":440,"s:823:4:828:Infinity":441,"s:824:6:824:Infinity":442,"s:825:6:825:Infinity":443,"s:827:6:827:Infinity":444,"s:831:2:842:Infinity":445,"f:831:42:831:49":70,"s:832:21:832:Infinity":446,"b:833:4:835:Infinity:undefined:undefined:undefined:undefined":92,"s:833:4:835:Infinity":447,"s:834:6:834:Infinity":448,"s:836:4:841:Infinity":449,"s:837:6:837:Infinity":450,"s:838:6:838:Infinity":451,"s:840:6:840:Infinity":452,"s:844:2:857:Infinity":453,"f:844:43:844:50":71,"s:845:21:845:Infinity":454,"s:846:4:856:Infinity":455,"b:847:6:853:Infinity:850:13:853:Infinity":93,"s:847:6:853:Infinity":456,"s:848:20:848:Infinity":457,"s:849:8:849:Infinity":458,"s:851:8:851:Infinity":459,"s:852:8:852:Infinity":460,"s:855:6:855:Infinity":461,"s:859:2:867:Infinity":462,"f:859:44:859:51":72,"s:860:23:860:Infinity":463,"s:861:4:866:Infinity":464,"s:862:6:862:Infinity":465,"s:863:6:863:Infinity":466,"b:863:59:863:71:863:71:863:81":94,"s:865:6:865:Infinity":467,"s:869:2:876:Infinity":468,"f:869:43:869:50":73,"s:870:4:875:Infinity":469,"s:871:6:871:Infinity":470,"s:872:6:872:Infinity":471,"s:874:6:874:Infinity":472},"fnNames":{}}}
}
